<?xml version="1.0" encoding="UTF-8"?>
<testng-results ignored="1" total="52" passed="44" failed="7" skipped="0">
  <reporter-output>
  </reporter-output>
  <suite started-at="2021-12-22T02:45:22Z" name="Suite" finished-at="2021-12-22T08:31:40Z" duration-ms="20778310">
    <groups>
    </groups>
    <test started-at="2021-12-22T02:45:22Z" name="Test" finished-at="2021-12-22T08:31:40Z" duration-ms="20778310">
      <class name="acemePackage1.ORANGEhrmMain">
        <test-method signature="orangeHRM(java.lang.String, java.lang.String, java.lang.String, java.lang.String, java.lang.String, java.lang.String, java.lang.String, java.lang.String, java.lang.String, java.lang.String, java.lang.String, java.lang.String, java.lang.String, java.lang.String, java.lang.String, java.lang.String, java.lang.String, java.lang.String)[pri:0, instance:acemePackage1.ORANGEhrmMain@ae13544]" started-at="2021-12-22T02:46:39Z" name="orangeHRM" data-provider="OrangeHRMTD" finished-at="2021-12-22T02:46:52Z" duration-ms="13292" status="FAIL">
          <params>
            <param index="0">
              <value>
                <![CDATA[admin]]>
              </value>
            </param>
            <param index="1">
              <value>
                <![CDATA[admin123]]>
              </value>
            </param>
            <param index="2">
              <value>
                <![CDATA[William]]>
              </value>
            </param>
            <param index="3">
              <value>
                <![CDATA[Gomes]]>
              </value>
            </param>
            <param index="4">
              <value>
                <![CDATA[Bangladeshi]]>
              </value>
            </param>
            <param index="5">
              <value>
                <![CDATA[Married]]>
              </value>
            </param>
            <param index="6">
              <value>
                <![CDATA[1250 ANDERSON AVENUE]]>
              </value>
            </param>
            <param index="7">
              <value>
                <![CDATA[VIENNA]]>
              </value>
            </param>
            <param index="8">
              <value>
                <![CDATA[Virginia]]>
              </value>
            </param>
            <param index="9">
              <value>
                <![CDATA[22182]]>
              </value>
            </param>
            <param index="10">
              <value>
                <![CDATA[Bangladesh]]>
              </value>
            </param>
            <param index="11">
              <value>
                <![CDATA[70394412421]]>
              </value>
            </param>
            <param index="12">
              <value>
                <![CDATA[ABC CONTACT]]>
              </value>
            </param>
            <param index="13">
              <value>
                <![CDATA[anonymous]]>
              </value>
            </param>
            <param index="14">
              <value>
                <![CDATA[7039442222]]>
              </value>
            </param>
            <param index="15">
              <value>
                <![CDATA[Madison Mondal]]>
              </value>
            </param>
            <param index="16">
              <value>
                <![CDATA[Child]]>
              </value>
            </param>
            <param index="17">
              <value>
                <![CDATA[987654321]]>
              </value>
            </param>
          </params>
          <exception class="org.openqa.selenium.NoSuchElementException">
            <message>
              <![CDATA[Unable to locate element: #personal_optGender_1
For documentation on this error, please visit: http://seleniumhq.org/exceptions/no_such_element.html
Build info: version: '3.14.0', revision: 'aacccce0', time: '2018-08-02T20:19:58.91Z'
System info: host: 'DESKTOP-HFM2VN5', ip: '192.168.0.50', os.name: 'Windows 10', os.arch: 'amd64', os.version: '10.0', java.version: '11.0.12'
Driver info: org.openqa.selenium.firefox.FirefoxDriver
Capabilities {acceptInsecureCerts: true, browserName: firefox, browserVersion: 95.0.2, javascriptEnabled: true, moz:accessibilityChecks: false, moz:buildID: 20211218203254, moz:geckodriverVersion: 0.30.0, moz:headless: false, moz:processID: 4272, moz:profile: C:\Users\llmon\AppData\Loca..., moz:shutdownTimeout: 60000, moz:useNonSpecCompliantPointerOrigin: false, moz:webdriverClick: true, pageLoadStrategy: normal, platform: WINDOWS, platformName: WINDOWS, platformVersion: 10.0, proxy: Proxy(), setWindowRect: true, strictFileInteractability: false, timeouts: {implicit: 0, pageLoad: 300000, script: 30000}, unhandledPromptBehavior: dismiss and notify}
Session ID: 4668098a-e22d-4fd9-9a11-adca095405e6
*** Element info: {Using=id, value=personal_optGender_1}]]>
            </message>
            <full-stacktrace>
              <![CDATA[org.openqa.selenium.NoSuchElementException: Unable to locate element: #personal_optGender_1
For documentation on this error, please visit: http://seleniumhq.org/exceptions/no_such_element.html
Build info: version: '3.14.0', revision: 'aacccce0', time: '2018-08-02T20:19:58.91Z'
System info: host: 'DESKTOP-HFM2VN5', ip: '192.168.0.50', os.name: 'Windows 10', os.arch: 'amd64', os.version: '10.0', java.version: '11.0.12'
Driver info: org.openqa.selenium.firefox.FirefoxDriver
Capabilities {acceptInsecureCerts: true, browserName: firefox, browserVersion: 95.0.2, javascriptEnabled: true, moz:accessibilityChecks: false, moz:buildID: 20211218203254, moz:geckodriverVersion: 0.30.0, moz:headless: false, moz:processID: 4272, moz:profile: C:\Users\llmon\AppData\Loca..., moz:shutdownTimeout: 60000, moz:useNonSpecCompliantPointerOrigin: false, moz:webdriverClick: true, pageLoadStrategy: normal, platform: WINDOWS, platformName: WINDOWS, platformVersion: 10.0, proxy: Proxy(), setWindowRect: true, strictFileInteractability: false, timeouts: {implicit: 0, pageLoad: 300000, script: 30000}, unhandledPromptBehavior: dismiss and notify}
Session ID: 4668098a-e22d-4fd9-9a11-adca095405e6
*** Element info: {Using=id, value=personal_optGender_1}
at java.base/jdk.internal.reflect.NativeConstructorAccessorImpl.newInstance0(Native Method)
at java.base/jdk.internal.reflect.NativeConstructorAccessorImpl.newInstance(NativeConstructorAccessorImpl.java:62)
at java.base/jdk.internal.reflect.DelegatingConstructorAccessorImpl.newInstance(DelegatingConstructorAccessorImpl.java:45)
at java.base/java.lang.reflect.Constructor.newInstance(Constructor.java:490)
at org.openqa.selenium.remote.http.W3CHttpResponseCodec.createException(W3CHttpResponseCodec.java:187)
at org.openqa.selenium.remote.http.W3CHttpResponseCodec.decode(W3CHttpResponseCodec.java:122)
at org.openqa.selenium.remote.http.W3CHttpResponseCodec.decode(W3CHttpResponseCodec.java:49)
at org.openqa.selenium.remote.HttpCommandExecutor.execute(HttpCommandExecutor.java:158)
at org.openqa.selenium.remote.service.DriverCommandExecutor.execute(DriverCommandExecutor.java:83)
at org.openqa.selenium.remote.RemoteWebDriver.execute(RemoteWebDriver.java:548)
at org.openqa.selenium.remote.RemoteWebDriver.findElement(RemoteWebDriver.java:322)
at org.openqa.selenium.remote.RemoteWebDriver.findElementById(RemoteWebDriver.java:368)
at org.openqa.selenium.By$ById.findElement(By.java:188)
at org.openqa.selenium.remote.RemoteWebDriver.findElement(RemoteWebDriver.java:314)
at acemePackage1.ORANGEhrmMain.orangeHRM(ORANGEhrmMain.java:76)
at java.base/jdk.internal.reflect.NativeMethodAccessorImpl.invoke0(Native Method)
at java.base/jdk.internal.reflect.NativeMethodAccessorImpl.invoke(NativeMethodAccessorImpl.java:62)
at java.base/jdk.internal.reflect.DelegatingMethodAccessorImpl.invoke(DelegatingMethodAccessorImpl.java:43)
at java.base/java.lang.reflect.Method.invoke(Method.java:566)
at org.testng.internal.MethodInvocationHelper.invokeMethod(MethodInvocationHelper.java:124)
at org.testng.internal.Invoker.invokeMethod(Invoker.java:583)
at org.testng.internal.Invoker.invokeTestMethod(Invoker.java:719)
at org.testng.internal.Invoker.invokeTestMethods(Invoker.java:989)
at org.testng.internal.TestMethodWorker.invokeTestMethods(TestMethodWorker.java:125)
at org.testng.internal.TestMethodWorker.run(TestMethodWorker.java:109)
at org.testng.TestRunner.privateRun(TestRunner.java:648)
at org.testng.TestRunner.run(TestRunner.java:505)
at org.testng.SuiteRunner.runTest(SuiteRunner.java:455)
at org.testng.SuiteRunner.runSequentially(SuiteRunner.java:450)
at org.testng.SuiteRunner.privateRun(SuiteRunner.java:415)
at org.testng.SuiteRunner.run(SuiteRunner.java:364)
at org.testng.SuiteRunnerWorker.runSuite(SuiteRunnerWorker.java:52)
at org.testng.SuiteRunnerWorker.run(SuiteRunnerWorker.java:84)
at org.testng.TestNG.runSuitesSequentially(TestNG.java:1208)
at org.testng.TestNG.runSuitesLocally(TestNG.java:1137)
at org.testng.TestNG.runSuites(TestNG.java:1049)
at org.testng.TestNG.run(TestNG.java:1017)
at org.apache.maven.surefire.testng.TestNGExecutor.run(TestNGExecutor.java:283)
at org.apache.maven.surefire.testng.TestNGXmlTestSuite.execute(TestNGXmlTestSuite.java:75)
at org.apache.maven.surefire.testng.TestNGProvider.invoke(TestNGProvider.java:120)
at org.apache.maven.surefire.booter.ForkedBooter.invokeProviderInSameClassLoader(ForkedBooter.java:384)
at org.apache.maven.surefire.booter.ForkedBooter.runSuitesInProcess(ForkedBooter.java:345)
at org.apache.maven.surefire.booter.ForkedBooter.execute(ForkedBooter.java:126)
at org.apache.maven.surefire.booter.ForkedBooter.main(ForkedBooter.java:418)
]]>
            </full-stacktrace>
          </exception> <!-- org.openqa.selenium.NoSuchElementException -->
          <reporter-output>
          </reporter-output>
        </test-method> <!-- orangeHRM -->
        <test-method signature="orangeHRM(java.lang.String, java.lang.String, java.lang.String, java.lang.String, java.lang.String, java.lang.String, java.lang.String, java.lang.String, java.lang.String, java.lang.String, java.lang.String, java.lang.String, java.lang.String, java.lang.String, java.lang.String, java.lang.String, java.lang.String, java.lang.String)[pri:0, instance:acemePackage1.ORANGEhrmMain@ae13544]" started-at="2021-12-22T02:46:52Z" name="orangeHRM" data-provider="OrangeHRMTD" finished-at="2021-12-22T02:47:33Z" duration-ms="40486" status="PASS">
          <params>
            <param index="0">
              <value>
                <![CDATA[admin]]>
              </value>
            </param>
            <param index="1">
              <value>
                <![CDATA[admin123]]>
              </value>
            </param>
            <param index="2">
              <value>
                <![CDATA[Mintu]]>
              </value>
            </param>
            <param index="3">
              <value>
                <![CDATA[Halder]]>
              </value>
            </param>
            <param index="4">
              <value>
                <![CDATA[Bangladeshi]]>
              </value>
            </param>
            <param index="5">
              <value>
                <![CDATA[Married]]>
              </value>
            </param>
            <param index="6">
              <value>
                <![CDATA[1251 ANDERSON AVENUE]]>
              </value>
            </param>
            <param index="7">
              <value>
                <![CDATA[VIENNA]]>
              </value>
            </param>
            <param index="8">
              <value>
                <![CDATA[Virginia]]>
              </value>
            </param>
            <param index="9">
              <value>
                <![CDATA[22183]]>
              </value>
            </param>
            <param index="10">
              <value>
                <![CDATA[Bangladesh]]>
              </value>
            </param>
            <param index="11">
              <value>
                <![CDATA[70394412421]]>
              </value>
            </param>
            <param index="12">
              <value>
                <![CDATA[ABC CONTACT]]>
              </value>
            </param>
            <param index="13">
              <value>
                <![CDATA[anonymous]]>
              </value>
            </param>
            <param index="14">
              <value>
                <![CDATA[7039442222]]>
              </value>
            </param>
            <param index="15">
              <value>
                <![CDATA[Prince Biswas]]>
              </value>
            </param>
            <param index="16">
              <value>
                <![CDATA[Child]]>
              </value>
            </param>
            <param index="17">
              <value>
                <![CDATA[987654322]]>
              </value>
            </param>
          </params>
          <reporter-output>
          </reporter-output>
        </test-method> <!-- orangeHRM -->
        <test-method signature="orangeHRM(java.lang.String, java.lang.String, java.lang.String, java.lang.String, java.lang.String, java.lang.String, java.lang.String, java.lang.String, java.lang.String, java.lang.String, java.lang.String, java.lang.String, java.lang.String, java.lang.String, java.lang.String, java.lang.String, java.lang.String, java.lang.String)[pri:0, instance:acemePackage1.ORANGEhrmMain@ae13544]" started-at="2021-12-22T02:47:33Z" name="orangeHRM" data-provider="OrangeHRMTD" finished-at="2021-12-22T02:48:14Z" duration-ms="41590" status="PASS">
          <params>
            <param index="0">
              <value>
                <![CDATA[admin]]>
              </value>
            </param>
            <param index="1">
              <value>
                <![CDATA[admin123]]>
              </value>
            </param>
            <param index="2">
              <value>
                <![CDATA[Hossana]]>
              </value>
            </param>
            <param index="3">
              <value>
                <![CDATA[Sarker]]>
              </value>
            </param>
            <param index="4">
              <value>
                <![CDATA[Bangladeshi]]>
              </value>
            </param>
            <param index="5">
              <value>
                <![CDATA[Married]]>
              </value>
            </param>
            <param index="6">
              <value>
                <![CDATA[1252 ANDERSON AVENUE]]>
              </value>
            </param>
            <param index="7">
              <value>
                <![CDATA[VIENNA]]>
              </value>
            </param>
            <param index="8">
              <value>
                <![CDATA[Virginia]]>
              </value>
            </param>
            <param index="9">
              <value>
                <![CDATA[22184]]>
              </value>
            </param>
            <param index="10">
              <value>
                <![CDATA[Bangladesh]]>
              </value>
            </param>
            <param index="11">
              <value>
                <![CDATA[70394412421]]>
              </value>
            </param>
            <param index="12">
              <value>
                <![CDATA[ABC CONTACT]]>
              </value>
            </param>
            <param index="13">
              <value>
                <![CDATA[anonymous]]>
              </value>
            </param>
            <param index="14">
              <value>
                <![CDATA[7039442222]]>
              </value>
            </param>
            <param index="15">
              <value>
                <![CDATA[Bright Mondal]]>
              </value>
            </param>
            <param index="16">
              <value>
                <![CDATA[Child]]>
              </value>
            </param>
            <param index="17">
              <value>
                <![CDATA[987654323]]>
              </value>
            </param>
          </params>
          <reporter-output>
          </reporter-output>
        </test-method> <!-- orangeHRM -->
        <test-method signature="orangeHRM(java.lang.String, java.lang.String, java.lang.String, java.lang.String, java.lang.String, java.lang.String, java.lang.String, java.lang.String, java.lang.String, java.lang.String, java.lang.String, java.lang.String, java.lang.String, java.lang.String, java.lang.String, java.lang.String, java.lang.String, java.lang.String)[pri:0, instance:acemePackage1.ORANGEhrmMain@ae13544]" started-at="2021-12-22T02:48:14Z" name="orangeHRM" data-provider="OrangeHRMTD" finished-at="2021-12-22T02:48:56Z" duration-ms="41617" status="PASS">
          <params>
            <param index="0">
              <value>
                <![CDATA[admin]]>
              </value>
            </param>
            <param index="1">
              <value>
                <![CDATA[admin123]]>
              </value>
            </param>
            <param index="2">
              <value>
                <![CDATA[Parvin]]>
              </value>
            </param>
            <param index="3">
              <value>
                <![CDATA[Mondal]]>
              </value>
            </param>
            <param index="4">
              <value>
                <![CDATA[Bangladeshi]]>
              </value>
            </param>
            <param index="5">
              <value>
                <![CDATA[Married]]>
              </value>
            </param>
            <param index="6">
              <value>
                <![CDATA[1253 ANDERSON AVENUE]]>
              </value>
            </param>
            <param index="7">
              <value>
                <![CDATA[VIENNA]]>
              </value>
            </param>
            <param index="8">
              <value>
                <![CDATA[Virginia]]>
              </value>
            </param>
            <param index="9">
              <value>
                <![CDATA[22185]]>
              </value>
            </param>
            <param index="10">
              <value>
                <![CDATA[Bangladesh]]>
              </value>
            </param>
            <param index="11">
              <value>
                <![CDATA[70394412421]]>
              </value>
            </param>
            <param index="12">
              <value>
                <![CDATA[ABC CONTACT]]>
              </value>
            </param>
            <param index="13">
              <value>
                <![CDATA[anonymous]]>
              </value>
            </param>
            <param index="14">
              <value>
                <![CDATA[7039442222]]>
              </value>
            </param>
            <param index="15">
              <value>
                <![CDATA[Nila Mondal]]>
              </value>
            </param>
            <param index="16">
              <value>
                <![CDATA[Child]]>
              </value>
            </param>
            <param index="17">
              <value>
                <![CDATA[987654324]]>
              </value>
            </param>
          </params>
          <reporter-output>
          </reporter-output>
        </test-method> <!-- orangeHRM -->
        <test-method signature="orangeHRM(java.lang.String, java.lang.String, java.lang.String, java.lang.String, java.lang.String, java.lang.String, java.lang.String, java.lang.String, java.lang.String, java.lang.String, java.lang.String, java.lang.String, java.lang.String, java.lang.String, java.lang.String, java.lang.String, java.lang.String, java.lang.String)[pri:0, instance:acemePackage1.ORANGEhrmMain@ae13544]" started-at="2021-12-22T02:48:56Z" name="orangeHRM" data-provider="OrangeHRMTD" finished-at="2021-12-22T02:49:38Z" duration-ms="42406" status="PASS">
          <params>
            <param index="0">
              <value>
                <![CDATA[admin]]>
              </value>
            </param>
            <param index="1">
              <value>
                <![CDATA[admin123]]>
              </value>
            </param>
            <param index="2">
              <value>
                <![CDATA[Jacom]]>
              </value>
            </param>
            <param index="3">
              <value>
                <![CDATA[Som]]>
              </value>
            </param>
            <param index="4">
              <value>
                <![CDATA[Bangladeshi]]>
              </value>
            </param>
            <param index="5">
              <value>
                <![CDATA[Married]]>
              </value>
            </param>
            <param index="6">
              <value>
                <![CDATA[1254 ANDERSON AVENUE]]>
              </value>
            </param>
            <param index="7">
              <value>
                <![CDATA[VIENNA]]>
              </value>
            </param>
            <param index="8">
              <value>
                <![CDATA[Virginia]]>
              </value>
            </param>
            <param index="9">
              <value>
                <![CDATA[22186]]>
              </value>
            </param>
            <param index="10">
              <value>
                <![CDATA[Bangladesh]]>
              </value>
            </param>
            <param index="11">
              <value>
                <![CDATA[70394412421]]>
              </value>
            </param>
            <param index="12">
              <value>
                <![CDATA[ABC CONTACT]]>
              </value>
            </param>
            <param index="13">
              <value>
                <![CDATA[anonymous]]>
              </value>
            </param>
            <param index="14">
              <value>
                <![CDATA[7039442222]]>
              </value>
            </param>
            <param index="15">
              <value>
                <![CDATA[Bimol Mondal]]>
              </value>
            </param>
            <param index="16">
              <value>
                <![CDATA[Child]]>
              </value>
            </param>
            <param index="17">
              <value>
                <![CDATA[987654325]]>
              </value>
            </param>
          </params>
          <reporter-output>
          </reporter-output>
        </test-method> <!-- orangeHRM -->
        <test-method signature="orangeHRM(java.lang.String, java.lang.String, java.lang.String, java.lang.String, java.lang.String, java.lang.String, java.lang.String, java.lang.String, java.lang.String, java.lang.String, java.lang.String, java.lang.String, java.lang.String, java.lang.String, java.lang.String, java.lang.String, java.lang.String, java.lang.String)[pri:0, instance:acemePackage1.ORANGEhrmMain@ae13544]" started-at="2021-12-22T02:49:38Z" name="orangeHRM" data-provider="OrangeHRMTD" finished-at="2021-12-22T02:50:19Z" duration-ms="40594" status="PASS">
          <params>
            <param index="0">
              <value>
                <![CDATA[admin]]>
              </value>
            </param>
            <param index="1">
              <value>
                <![CDATA[admin123]]>
              </value>
            </param>
            <param index="2">
              <value>
                <![CDATA[Dilal]]>
              </value>
            </param>
            <param index="3">
              <value>
                <![CDATA[Anderson]]>
              </value>
            </param>
            <param index="4">
              <value>
                <![CDATA[Bangladeshi]]>
              </value>
            </param>
            <param index="5">
              <value>
                <![CDATA[Married]]>
              </value>
            </param>
            <param index="6">
              <value>
                <![CDATA[1255 ANDERSON AVENUE]]>
              </value>
            </param>
            <param index="7">
              <value>
                <![CDATA[VIENNA]]>
              </value>
            </param>
            <param index="8">
              <value>
                <![CDATA[Virginia]]>
              </value>
            </param>
            <param index="9">
              <value>
                <![CDATA[22187]]>
              </value>
            </param>
            <param index="10">
              <value>
                <![CDATA[Bangladesh]]>
              </value>
            </param>
            <param index="11">
              <value>
                <![CDATA[70394412421]]>
              </value>
            </param>
            <param index="12">
              <value>
                <![CDATA[ABC CONTACT]]>
              </value>
            </param>
            <param index="13">
              <value>
                <![CDATA[anonymous]]>
              </value>
            </param>
            <param index="14">
              <value>
                <![CDATA[7039442222]]>
              </value>
            </param>
            <param index="15">
              <value>
                <![CDATA[Eric Gomes]]>
              </value>
            </param>
            <param index="16">
              <value>
                <![CDATA[Child]]>
              </value>
            </param>
            <param index="17">
              <value>
                <![CDATA[987654326]]>
              </value>
            </param>
          </params>
          <reporter-output>
          </reporter-output>
        </test-method> <!-- orangeHRM -->
        <test-method signature="orangeHRM(java.lang.String, java.lang.String, java.lang.String, java.lang.String, java.lang.String, java.lang.String, java.lang.String, java.lang.String, java.lang.String, java.lang.String, java.lang.String, java.lang.String, java.lang.String, java.lang.String, java.lang.String, java.lang.String, java.lang.String, java.lang.String)[pri:0, instance:acemePackage1.ORANGEhrmMain@ae13544]" started-at="2021-12-22T02:50:19Z" name="orangeHRM" data-provider="OrangeHRMTD" finished-at="2021-12-22T02:51:01Z" duration-ms="41811" status="PASS">
          <params>
            <param index="0">
              <value>
                <![CDATA[admin]]>
              </value>
            </param>
            <param index="1">
              <value>
                <![CDATA[admin123]]>
              </value>
            </param>
            <param index="2">
              <value>
                <![CDATA[Alomgin]]>
              </value>
            </param>
            <param index="3">
              <value>
                <![CDATA[Mia]]>
              </value>
            </param>
            <param index="4">
              <value>
                <![CDATA[Bangladeshi]]>
              </value>
            </param>
            <param index="5">
              <value>
                <![CDATA[Married]]>
              </value>
            </param>
            <param index="6">
              <value>
                <![CDATA[1256 ANDERSON AVENUE]]>
              </value>
            </param>
            <param index="7">
              <value>
                <![CDATA[VIENNA]]>
              </value>
            </param>
            <param index="8">
              <value>
                <![CDATA[Virginia]]>
              </value>
            </param>
            <param index="9">
              <value>
                <![CDATA[22188]]>
              </value>
            </param>
            <param index="10">
              <value>
                <![CDATA[Bangladesh]]>
              </value>
            </param>
            <param index="11">
              <value>
                <![CDATA[70394412421]]>
              </value>
            </param>
            <param index="12">
              <value>
                <![CDATA[ABC CONTACT]]>
              </value>
            </param>
            <param index="13">
              <value>
                <![CDATA[anonymous]]>
              </value>
            </param>
            <param index="14">
              <value>
                <![CDATA[7039442222]]>
              </value>
            </param>
            <param index="15">
              <value>
                <![CDATA[January March]]>
              </value>
            </param>
            <param index="16">
              <value>
                <![CDATA[Child]]>
              </value>
            </param>
            <param index="17">
              <value>
                <![CDATA[987654327]]>
              </value>
            </param>
          </params>
          <reporter-output>
          </reporter-output>
        </test-method> <!-- orangeHRM -->
        <test-method signature="orangeHRM(java.lang.String, java.lang.String, java.lang.String, java.lang.String, java.lang.String, java.lang.String, java.lang.String, java.lang.String, java.lang.String, java.lang.String, java.lang.String, java.lang.String, java.lang.String, java.lang.String, java.lang.String, java.lang.String, java.lang.String, java.lang.String)[pri:0, instance:acemePackage1.ORANGEhrmMain@ae13544]" started-at="2021-12-22T02:51:01Z" name="orangeHRM" data-provider="OrangeHRMTD" finished-at="2021-12-22T02:51:42Z" duration-ms="40878" status="PASS">
          <params>
            <param index="0">
              <value>
                <![CDATA[admin]]>
              </value>
            </param>
            <param index="1">
              <value>
                <![CDATA[admin123]]>
              </value>
            </param>
            <param index="2">
              <value>
                <![CDATA[Jason]]>
              </value>
            </param>
            <param index="3">
              <value>
                <![CDATA[Napit]]>
              </value>
            </param>
            <param index="4">
              <value>
                <![CDATA[Bangladeshi]]>
              </value>
            </param>
            <param index="5">
              <value>
                <![CDATA[Married]]>
              </value>
            </param>
            <param index="6">
              <value>
                <![CDATA[1257 ANDERSON AVENUE]]>
              </value>
            </param>
            <param index="7">
              <value>
                <![CDATA[VIENNA]]>
              </value>
            </param>
            <param index="8">
              <value>
                <![CDATA[Virginia]]>
              </value>
            </param>
            <param index="9">
              <value>
                <![CDATA[22189]]>
              </value>
            </param>
            <param index="10">
              <value>
                <![CDATA[Bangladesh]]>
              </value>
            </param>
            <param index="11">
              <value>
                <![CDATA[70394412421]]>
              </value>
            </param>
            <param index="12">
              <value>
                <![CDATA[ABC CONTACT]]>
              </value>
            </param>
            <param index="13">
              <value>
                <![CDATA[anonymous]]>
              </value>
            </param>
            <param index="14">
              <value>
                <![CDATA[7039442222]]>
              </value>
            </param>
            <param index="15">
              <value>
                <![CDATA[Summer Annan]]>
              </value>
            </param>
            <param index="16">
              <value>
                <![CDATA[Child]]>
              </value>
            </param>
            <param index="17">
              <value>
                <![CDATA[987654328]]>
              </value>
            </param>
          </params>
          <reporter-output>
          </reporter-output>
        </test-method> <!-- orangeHRM -->
        <test-method signature="orangeHRM(java.lang.String, java.lang.String, java.lang.String, java.lang.String, java.lang.String, java.lang.String, java.lang.String, java.lang.String, java.lang.String, java.lang.String, java.lang.String, java.lang.String, java.lang.String, java.lang.String, java.lang.String, java.lang.String, java.lang.String, java.lang.String)[pri:0, instance:acemePackage1.ORANGEhrmMain@ae13544]" started-at="2021-12-22T02:51:42Z" name="orangeHRM" data-provider="OrangeHRMTD" finished-at="2021-12-22T02:52:22Z" duration-ms="40402" status="PASS">
          <params>
            <param index="0">
              <value>
                <![CDATA[admin]]>
              </value>
            </param>
            <param index="1">
              <value>
                <![CDATA[admin123]]>
              </value>
            </param>
            <param index="2">
              <value>
                <![CDATA[Tony]]>
              </value>
            </param>
            <param index="3">
              <value>
                <![CDATA[Blair]]>
              </value>
            </param>
            <param index="4">
              <value>
                <![CDATA[Bangladeshi]]>
              </value>
            </param>
            <param index="5">
              <value>
                <![CDATA[Married]]>
              </value>
            </param>
            <param index="6">
              <value>
                <![CDATA[1258 ANDERSON AVENUE]]>
              </value>
            </param>
            <param index="7">
              <value>
                <![CDATA[VIENNA]]>
              </value>
            </param>
            <param index="8">
              <value>
                <![CDATA[Virginia]]>
              </value>
            </param>
            <param index="9">
              <value>
                <![CDATA[22190]]>
              </value>
            </param>
            <param index="10">
              <value>
                <![CDATA[Bangladesh]]>
              </value>
            </param>
            <param index="11">
              <value>
                <![CDATA[70394412421]]>
              </value>
            </param>
            <param index="12">
              <value>
                <![CDATA[ABC CONTACT]]>
              </value>
            </param>
            <param index="13">
              <value>
                <![CDATA[anonymous]]>
              </value>
            </param>
            <param index="14">
              <value>
                <![CDATA[7039442222]]>
              </value>
            </param>
            <param index="15">
              <value>
                <![CDATA[Nickson]]>
              </value>
            </param>
            <param index="16">
              <value>
                <![CDATA[Child]]>
              </value>
            </param>
            <param index="17">
              <value>
                <![CDATA[987654329]]>
              </value>
            </param>
          </params>
          <reporter-output>
          </reporter-output>
        </test-method> <!-- orangeHRM -->
      </class> <!-- acemePackage1.ORANGEhrmMain -->
      <class name="acemePackage1.Saucedemo">
        <test-method signature="shoppingCartSauceDemo(java.lang.String, java.lang.String, java.lang.String)[pri:0, instance:acemePackage1.Saucedemo@2de23121]" started-at="2021-12-22T08:31:10Z" name="shoppingCartSauceDemo" data-provider="Saucedemo" finished-at="2021-12-22T08:31:14Z" duration-ms="4427" status="PASS">
          <params>
            <param index="0">
              <value>
                <![CDATA[Madison]]>
              </value>
            </param>
            <param index="1">
              <value>
                <![CDATA[Anderson]]>
              </value>
            </param>
            <param index="2">
              <value>
                <![CDATA[22343]]>
              </value>
            </param>
          </params>
          <reporter-output>
          </reporter-output>
        </test-method> <!-- shoppingCartSauceDemo -->
        <test-method signature="shoppingCartSauceDemo(java.lang.String, java.lang.String, java.lang.String)[pri:0, instance:acemePackage1.Saucedemo@2de23121]" started-at="2021-12-22T08:31:14Z" name="shoppingCartSauceDemo" data-provider="Saucedemo" finished-at="2021-12-22T08:31:19Z" duration-ms="4409" status="PASS">
          <params>
            <param index="0">
              <value>
                <![CDATA[Jerome]]>
              </value>
            </param>
            <param index="1">
              <value>
                <![CDATA[Anderson]]>
              </value>
            </param>
            <param index="2">
              <value>
                <![CDATA[22344]]>
              </value>
            </param>
          </params>
          <reporter-output>
          </reporter-output>
        </test-method> <!-- shoppingCartSauceDemo -->
        <test-method signature="shoppingCartSauceDemo(java.lang.String, java.lang.String, java.lang.String)[pri:0, instance:acemePackage1.Saucedemo@2de23121]" started-at="2021-12-22T08:31:19Z" name="shoppingCartSauceDemo" data-provider="Saucedemo" finished-at="2021-12-22T08:31:23Z" duration-ms="4090" status="PASS">
          <params>
            <param index="0">
              <value>
                <![CDATA[Nicolas]]>
              </value>
            </param>
            <param index="1">
              <value>
                <![CDATA[Mondal]]>
              </value>
            </param>
            <param index="2">
              <value>
                <![CDATA[22345]]>
              </value>
            </param>
          </params>
          <reporter-output>
          </reporter-output>
        </test-method> <!-- shoppingCartSauceDemo -->
        <test-method signature="shoppingCartSauceDemo(java.lang.String, java.lang.String, java.lang.String)[pri:0, instance:acemePackage1.Saucedemo@2de23121]" started-at="2021-12-22T08:31:23Z" name="shoppingCartSauceDemo" data-provider="Saucedemo" finished-at="2021-12-22T08:31:28Z" duration-ms="4548" status="PASS">
          <params>
            <param index="0">
              <value>
                <![CDATA[James]]>
              </value>
            </param>
            <param index="1">
              <value>
                <![CDATA[Anderson]]>
              </value>
            </param>
            <param index="2">
              <value>
                <![CDATA[22346]]>
              </value>
            </param>
          </params>
          <reporter-output>
          </reporter-output>
        </test-method> <!-- shoppingCartSauceDemo -->
        <test-method signature="shoppingCartSauceDemo(java.lang.String, java.lang.String, java.lang.String)[pri:0, instance:acemePackage1.Saucedemo@2de23121]" started-at="2021-12-22T08:31:28Z" name="shoppingCartSauceDemo" data-provider="Saucedemo" finished-at="2021-12-22T08:31:32Z" duration-ms="4266" status="PASS">
          <params>
            <param index="0">
              <value>
                <![CDATA[Parimal]]>
              </value>
            </param>
            <param index="1">
              <value>
                <![CDATA[Anderson]]>
              </value>
            </param>
            <param index="2">
              <value>
                <![CDATA[22347]]>
              </value>
            </param>
          </params>
          <reporter-output>
          </reporter-output>
        </test-method> <!-- shoppingCartSauceDemo -->
        <test-method signature="shoppingCartSauceDemo(java.lang.String, java.lang.String, java.lang.String)[pri:0, instance:acemePackage1.Saucedemo@2de23121]" started-at="2021-12-22T08:31:32Z" name="shoppingCartSauceDemo" data-provider="Saucedemo" finished-at="2021-12-22T08:31:36Z" duration-ms="4515" status="PASS">
          <params>
            <param index="0">
              <value>
                <![CDATA[Nikunjo]]>
              </value>
            </param>
            <param index="1">
              <value>
                <![CDATA[Anderson]]>
              </value>
            </param>
            <param index="2">
              <value>
                <![CDATA[22348]]>
              </value>
            </param>
          </params>
          <reporter-output>
          </reporter-output>
        </test-method> <!-- shoppingCartSauceDemo -->
        <test-method signature="shoppingCartSauceDemo(java.lang.String, java.lang.String, java.lang.String)[pri:0, instance:acemePackage1.Saucedemo@2de23121]" started-at="2021-12-22T08:31:36Z" name="shoppingCartSauceDemo" data-provider="Saucedemo" finished-at="2021-12-22T08:31:40Z" duration-ms="4188" status="PASS">
          <params>
            <param index="0">
              <value>
                <![CDATA[Parul]]>
              </value>
            </param>
            <param index="1">
              <value>
                <![CDATA[Sarker]]>
              </value>
            </param>
            <param index="2">
              <value>
                <![CDATA[22349]]>
              </value>
            </param>
          </params>
          <reporter-output>
          </reporter-output>
        </test-method> <!-- shoppingCartSauceDemo -->
      </class> <!-- acemePackage1.Saucedemo -->
      <class name="acemePackage1.VariousControls">
        <test-method signature="Controls()[pri:0, instance:acemePackage1.VariousControls@587e5365]" started-at="2021-12-22T08:30:18Z" name="Controls" finished-at="2021-12-22T08:30:28Z" duration-ms="9144" status="PASS">
          <reporter-output>
          </reporter-output>
        </test-method> <!-- Controls -->
      </class> <!-- acemePackage1.VariousControls -->
      <class name="acemePackage1.AddAccount">
        <test-method signature="addAccount()[pri:0, instance:acemePackage1.AddAccount@6200f9cb]" started-at="2021-12-22T02:45:40Z" name="addAccount" finished-at="2021-12-22T02:45:50Z" duration-ms="9674" status="PASS">
          <reporter-output>
          </reporter-output>
        </test-method> <!-- addAccount -->
      </class> <!-- acemePackage1.AddAccount -->
      <class name="acemePackage1.VariousDatePicker">
        <test-method signature="BookFlight()[pri:0, instance:acemePackage1.VariousDatePicker@6f4a47c7]" started-at="2021-12-22T02:46:23Z" name="BookFlight" finished-at="2021-12-22T02:46:38Z" duration-ms="14844" status="PASS">
          <reporter-output>
          </reporter-output>
        </test-method> <!-- BookFlight -->
      </class> <!-- acemePackage1.VariousDatePicker -->
      <class name="acemePackage1.ExcelDemoDDT">
        <test-method signature="newMemberRegistration(java.lang.String, java.lang.String, java.lang.String, java.lang.String, java.lang.String, java.lang.String)[pri:0, instance:acemePackage1.ExcelDemoDDT@22fcf7ab]" started-at="2021-12-22T08:30:28Z" name="newMemberRegistration" data-provider="PHPtravels" finished-at="2021-12-22T08:30:39Z" duration-ms="11074" status="PASS">
          <params>
            <param index="0">
              <value>
                <![CDATA[James]]>
              </value>
            </param>
            <param index="1">
              <value>
                <![CDATA[Mondal]]>
              </value>
            </param>
            <param index="2">
              <value>
                <![CDATA[james@gmail.com]]>
              </value>
            </param>
            <param index="3">
              <value>
                <![CDATA[DHIMSdte12345$$]]>
              </value>
            </param>
            <param index="4">
              <value>
                <![CDATA[7039441244]]>
              </value>
            </param>
            <param index="5">
              <value>
                <![CDATA[7039441248]]>
              </value>
            </param>
          </params>
          <reporter-output>
          </reporter-output>
        </test-method> <!-- newMemberRegistration -->
        <test-method signature="newMemberRegistration(java.lang.String, java.lang.String, java.lang.String, java.lang.String, java.lang.String, java.lang.String)[pri:0, instance:acemePackage1.ExcelDemoDDT@22fcf7ab]" started-at="2021-12-22T08:30:39Z" name="newMemberRegistration" data-provider="PHPtravels" finished-at="2021-12-22T08:30:49Z" duration-ms="10265" status="PASS">
          <params>
            <param index="0">
              <value>
                <![CDATA[Lawrance]]>
              </value>
            </param>
            <param index="1">
              <value>
                <![CDATA[Baroi]]>
              </value>
            </param>
            <param index="2">
              <value>
                <![CDATA[lawrance@gmail.com]]>
              </value>
            </param>
            <param index="3">
              <value>
                <![CDATA[DHIMSdte12345$$]]>
              </value>
            </param>
            <param index="4">
              <value>
                <![CDATA[7039441245]]>
              </value>
            </param>
            <param index="5">
              <value>
                <![CDATA[7039441248]]>
              </value>
            </param>
          </params>
          <reporter-output>
          </reporter-output>
        </test-method> <!-- newMemberRegistration -->
        <test-method signature="newMemberRegistration(java.lang.String, java.lang.String, java.lang.String, java.lang.String, java.lang.String, java.lang.String)[pri:0, instance:acemePackage1.ExcelDemoDDT@22fcf7ab]" started-at="2021-12-22T08:30:49Z" name="newMemberRegistration" data-provider="PHPtravels" finished-at="2021-12-22T08:30:59Z" duration-ms="10252" status="PASS">
          <params>
            <param index="0">
              <value>
                <![CDATA[Autul]]>
              </value>
            </param>
            <param index="1">
              <value>
                <![CDATA[Sarker]]>
              </value>
            </param>
            <param index="2">
              <value>
                <![CDATA[james@gmail.com]]>
              </value>
            </param>
            <param index="3">
              <value>
                <![CDATA[DHIMSdte12345$$]]>
              </value>
            </param>
            <param index="4">
              <value>
                <![CDATA[7039441246]]>
              </value>
            </param>
            <param index="5">
              <value>
                <![CDATA[7039441248]]>
              </value>
            </param>
          </params>
          <reporter-output>
          </reporter-output>
        </test-method> <!-- newMemberRegistration -->
        <test-method signature="newMemberRegistration(java.lang.String, java.lang.String, java.lang.String, java.lang.String, java.lang.String, java.lang.String)[pri:0, instance:acemePackage1.ExcelDemoDDT@22fcf7ab]" started-at="2021-12-22T08:30:59Z" name="newMemberRegistration" data-provider="PHPtravels" finished-at="2021-12-22T08:31:10Z" duration-ms="10728" status="PASS">
          <params>
            <param index="0">
              <value>
                <![CDATA[Shyamol]]>
              </value>
            </param>
            <param index="1">
              <value>
                <![CDATA[Mondal]]>
              </value>
            </param>
            <param index="2">
              <value>
                <![CDATA[shyamol@gmail.com]]>
              </value>
            </param>
            <param index="3">
              <value>
                <![CDATA[DHIMSdte12345$$]]>
              </value>
            </param>
            <param index="4">
              <value>
                <![CDATA[7039441247]]>
              </value>
            </param>
            <param index="5">
              <value>
                <![CDATA[7039441248]]>
              </value>
            </param>
          </params>
          <reporter-output>
          </reporter-output>
        </test-method> <!-- newMemberRegistration -->
      </class> <!-- acemePackage1.ExcelDemoDDT -->
      <class name="acemePackage1.AcemeMainTest">
        <test-method signature="HCDnationalInsurancePlanning()[pri:0, instance:acemePackage1.AcemeMainTest@20d525]" started-at="2021-12-22T02:45:22Z" name="HCDnationalInsurancePlanning" finished-at="2021-12-22T02:45:40Z" duration-ms="18271" status="PASS">
          <reporter-output>
          </reporter-output>
        </test-method> <!-- HCDnationalInsurancePlanning -->
      </class> <!-- acemePackage1.AcemeMainTest -->
      <class name="acemePackage1.LocalArrayDemo">
        <test-method signature="AcemeLogin(java.lang.String, java.lang.String)[pri:0, instance:acemePackage1.LocalArrayDemo@3d34d211]" started-at="2021-12-22T02:52:22Z" name="AcemeLogin" data-provider="AcemeData" finished-at="2021-12-22T02:52:32Z" duration-ms="9968" status="PASS">
          <params>
            <param index="0">
              <value>
                <![CDATA[mondal.jmk@gmail.com]]>
              </value>
            </param>
            <param index="1">
              <value>
                <![CDATA[DHIMSdte12345$$]]>
              </value>
            </param>
          </params>
          <reporter-output>
          </reporter-output>
        </test-method> <!-- AcemeLogin -->
        <test-method signature="AcemeLogin(java.lang.String, java.lang.String)[pri:0, instance:acemePackage1.LocalArrayDemo@3d34d211]" started-at="2021-12-22T02:52:32Z" name="AcemeLogin" data-provider="AcemeData" finished-at="2021-12-22T02:52:41Z" duration-ms="9181" status="PASS">
          <params>
            <param index="0">
              <value>
                <![CDATA[mondal.jmk@gmail.com]]>
              </value>
            </param>
            <param index="1">
              <value>
                <![CDATA[DHIMSdte12345$$]]>
              </value>
            </param>
          </params>
          <reporter-output>
          </reporter-output>
        </test-method> <!-- AcemeLogin -->
        <test-method signature="AcemeLogin(java.lang.String, java.lang.String)[pri:0, instance:acemePackage1.LocalArrayDemo@3d34d211]" started-at="2021-12-22T02:52:41Z" name="AcemeLogin" data-provider="AcemeData" finished-at="2021-12-22T02:52:53Z" duration-ms="11545" status="PASS">
          <params>
            <param index="0">
              <value>
                <![CDATA[mondal.jmk@gmail.com]]>
              </value>
            </param>
            <param index="1">
              <value>
                <![CDATA[DHIMSdte12345$$]]>
              </value>
            </param>
          </params>
          <reporter-output>
          </reporter-output>
        </test-method> <!-- AcemeLogin -->
      </class> <!-- acemePackage1.LocalArrayDemo -->
      <class name="acemePackage1.VendorInvertory">
        <test-method signature="vendorInventory()[pri:0, instance:acemePackage1.VendorInvertory@2002fc1d]" started-at="2021-12-22T02:45:50Z" name="vendorInventory" finished-at="2021-12-22T02:46:01Z" duration-ms="11307" status="PASS">
          <reporter-output>
          </reporter-output>
        </test-method> <!-- vendorInventory -->
      </class> <!-- acemePackage1.VendorInvertory -->
      <class name="acemePackage1.ExcelDDT">
        <test-method signature="AcemeLogin(java.lang.String, java.lang.String)[pri:0, instance:acemePackage1.ExcelDDT@7dc0f706]" started-at="2021-12-22T02:52:53Z" name="AcemeLogin" data-provider="AcemeData" finished-at="2021-12-22T02:53:04Z" duration-ms="10950" status="PASS">
          <params>
            <param index="0">
              <value>
                <![CDATA[mondal.jmk@gmail.com]]>
              </value>
            </param>
            <param index="1">
              <value>
                <![CDATA[DHIMSdte12345$$]]>
              </value>
            </param>
          </params>
          <reporter-output>
          </reporter-output>
        </test-method> <!-- AcemeLogin -->
        <test-method signature="AcemeLogin(java.lang.String, java.lang.String)[pri:0, instance:acemePackage1.ExcelDDT@7dc0f706]" started-at="2021-12-22T02:53:04Z" name="AcemeLogin" data-provider="AcemeData" finished-at="2021-12-22T02:53:15Z" duration-ms="10810" status="PASS">
          <params>
            <param index="0">
              <value>
                <![CDATA[mondal.jmk@gmail.com]]>
              </value>
            </param>
            <param index="1">
              <value>
                <![CDATA[DHIMSdte12345$$]]>
              </value>
            </param>
          </params>
          <reporter-output>
          </reporter-output>
        </test-method> <!-- AcemeLogin -->
        <test-method signature="AcemeLogin(java.lang.String, java.lang.String)[pri:0, instance:acemePackage1.ExcelDDT@7dc0f706]" started-at="2021-12-22T02:53:15Z" name="AcemeLogin" data-provider="AcemeData" finished-at="2021-12-22T02:53:25Z" duration-ms="10586" status="PASS">
          <params>
            <param index="0">
              <value>
                <![CDATA[mondal.jmk@gmail.com]]>
              </value>
            </param>
            <param index="1">
              <value>
                <![CDATA[DHIMSdte12345$$]]>
              </value>
            </param>
          </params>
          <reporter-output>
          </reporter-output>
        </test-method> <!-- AcemeLogin -->
        <test-method signature="AcemeLogin(java.lang.String, java.lang.String)[pri:0, instance:acemePackage1.ExcelDDT@7dc0f706]" started-at="2021-12-22T02:53:25Z" name="AcemeLogin" data-provider="AcemeData" finished-at="2021-12-22T02:53:36Z" duration-ms="10680" status="PASS">
          <params>
            <param index="0">
              <value>
                <![CDATA[mondal.jmk@gmail.com]]>
              </value>
            </param>
            <param index="1">
              <value>
                <![CDATA[DHIMSdte12345$$]]>
              </value>
            </param>
          </params>
          <reporter-output>
          </reporter-output>
        </test-method> <!-- AcemeLogin -->
        <test-method signature="AcemeLogin(java.lang.String, java.lang.String)[pri:0, instance:acemePackage1.ExcelDDT@7dc0f706]" started-at="2021-12-22T02:53:36Z" name="AcemeLogin" data-provider="AcemeData" finished-at="2021-12-22T02:53:48Z" duration-ms="12030" status="PASS">
          <params>
            <param index="0">
              <value>
                <![CDATA[mondal.jmk@gmail.com]]>
              </value>
            </param>
            <param index="1">
              <value>
                <![CDATA[DHIMSdte12345$$]]>
              </value>
            </param>
          </params>
          <reporter-output>
          </reporter-output>
        </test-method> <!-- AcemeLogin -->
        <test-method signature="AcemeLogin(java.lang.String, java.lang.String)[pri:0, instance:acemePackage1.ExcelDDT@7dc0f706]" started-at="2021-12-22T02:53:48Z" name="AcemeLogin" data-provider="AcemeData" finished-at="2021-12-22T02:53:58Z" duration-ms="10382" status="PASS">
          <params>
            <param index="0">
              <value>
                <![CDATA[mondal.jmk@gmail.com]]>
              </value>
            </param>
            <param index="1">
              <value>
                <![CDATA[DHIMSdte12345$$]]>
              </value>
            </param>
          </params>
          <reporter-output>
          </reporter-output>
        </test-method> <!-- AcemeLogin -->
        <test-method signature="AcemeLogin(java.lang.String, java.lang.String)[pri:0, instance:acemePackage1.ExcelDDT@7dc0f706]" started-at="2021-12-22T02:53:58Z" name="AcemeLogin" data-provider="AcemeData" finished-at="2021-12-22T02:54:09Z" duration-ms="10256" status="PASS">
          <params>
            <param index="0">
              <value>
                <![CDATA[mondal.jmk@gmail.com]]>
              </value>
            </param>
            <param index="1">
              <value>
                <![CDATA[DHIMSdte12345$$]]>
              </value>
            </param>
          </params>
          <reporter-output>
          </reporter-output>
        </test-method> <!-- AcemeLogin -->
        <test-method signature="AcemeLogin(java.lang.String, java.lang.String)[pri:0, instance:acemePackage1.ExcelDDT@7dc0f706]" started-at="2021-12-22T02:54:09Z" name="AcemeLogin" data-provider="AcemeData" finished-at="2021-12-22T02:54:18Z" duration-ms="9892" status="PASS">
          <params>
            <param index="0">
              <value>
                <![CDATA[mondal.jmk@gmail.com]]>
              </value>
            </param>
            <param index="1">
              <value>
                <![CDATA[DHIMSdte12345$$]]>
              </value>
            </param>
          </params>
          <reporter-output>
          </reporter-output>
        </test-method> <!-- AcemeLogin -->
      </class> <!-- acemePackage1.ExcelDDT -->
      <class name="acemePackage1.Shoppingcart">
        <test-method signature="TRShoppingCart(java.lang.String, java.lang.String, java.lang.String, java.lang.String, java.lang.String, java.lang.String, java.lang.String, java.lang.String, java.lang.String)[pri:0, instance:acemePackage1.Shoppingcart@43c1b556]" started-at="2021-12-22T08:28:23Z" name="TRShoppingCart" data-provider="Traingrite" finished-at="2021-12-22T08:28:39Z" duration-ms="15311" status="PASS">
          <params>
            <param index="0">
              <value>
                <![CDATA[2]]>
              </value>
            </param>
            <param index="1">
              <value>
                <![CDATA[James Mondal]]>
              </value>
            </param>
            <param index="2">
              <value>
                <![CDATA[111 Terrace Ct]]>
              </value>
            </param>
            <param index="3">
              <value>
                <![CDATA[Alexandria]]>
              </value>
            </param>
            <param index="4">
              <value>
                <![CDATA[VA]]>
              </value>
            </param>
            <param index="5">
              <value>
                <![CDATA[22234]]>
              </value>
            </param>
            <param index="6">
              <value>
                <![CDATA[123456789098765]]>
              </value>
            </param>
            <param index="7">
              <value>
                <![CDATA[112]]>
              </value>
            </param>
            <param index="8">
              <value>
                <![CDATA[11/2023]]>
              </value>
            </param>
          </params>
          <reporter-output>
          </reporter-output>
        </test-method> <!-- TRShoppingCart -->
        <test-method signature="TRShoppingCart(java.lang.String, java.lang.String, java.lang.String, java.lang.String, java.lang.String, java.lang.String, java.lang.String, java.lang.String, java.lang.String)[pri:0, instance:acemePackage1.Shoppingcart@43c1b556]" started-at="2021-12-22T08:28:39Z" name="TRShoppingCart" data-provider="Traingrite" finished-at="2021-12-22T08:28:53Z" duration-ms="14596" status="PASS">
          <params>
            <param index="0">
              <value>
                <![CDATA[3]]>
              </value>
            </param>
            <param index="1">
              <value>
                <![CDATA[James Mondal]]>
              </value>
            </param>
            <param index="2">
              <value>
                <![CDATA[112 Terrace Ct]]>
              </value>
            </param>
            <param index="3">
              <value>
                <![CDATA[Alexandria]]>
              </value>
            </param>
            <param index="4">
              <value>
                <![CDATA[VA]]>
              </value>
            </param>
            <param index="5">
              <value>
                <![CDATA[22235]]>
              </value>
            </param>
            <param index="6">
              <value>
                <![CDATA[123456789098765]]>
              </value>
            </param>
            <param index="7">
              <value>
                <![CDATA[113]]>
              </value>
            </param>
            <param index="8">
              <value>
                <![CDATA[11/2024]]>
              </value>
            </param>
          </params>
          <reporter-output>
          </reporter-output>
        </test-method> <!-- TRShoppingCart -->
        <test-method signature="TRShoppingCart(java.lang.String, java.lang.String, java.lang.String, java.lang.String, java.lang.String, java.lang.String, java.lang.String, java.lang.String, java.lang.String)[pri:0, instance:acemePackage1.Shoppingcart@43c1b556]" started-at="2021-12-22T08:28:53Z" name="TRShoppingCart" data-provider="Traingrite" finished-at="2021-12-22T08:29:07Z" duration-ms="13472" status="PASS">
          <params>
            <param index="0">
              <value>
                <![CDATA[4]]>
              </value>
            </param>
            <param index="1">
              <value>
                <![CDATA[James Mondal]]>
              </value>
            </param>
            <param index="2">
              <value>
                <![CDATA[113 Terrace Ct]]>
              </value>
            </param>
            <param index="3">
              <value>
                <![CDATA[Alexandria]]>
              </value>
            </param>
            <param index="4">
              <value>
                <![CDATA[VA]]>
              </value>
            </param>
            <param index="5">
              <value>
                <![CDATA[22236]]>
              </value>
            </param>
            <param index="6">
              <value>
                <![CDATA[123456789098765]]>
              </value>
            </param>
            <param index="7">
              <value>
                <![CDATA[114]]>
              </value>
            </param>
            <param index="8">
              <value>
                <![CDATA[11/2025]]>
              </value>
            </param>
          </params>
          <reporter-output>
          </reporter-output>
        </test-method> <!-- TRShoppingCart -->
        <test-method signature="TRShoppingCart(java.lang.String, java.lang.String, java.lang.String, java.lang.String, java.lang.String, java.lang.String, java.lang.String, java.lang.String, java.lang.String)[pri:0, instance:acemePackage1.Shoppingcart@43c1b556]" started-at="2021-12-22T08:29:07Z" name="TRShoppingCart" data-provider="Traingrite" finished-at="2021-12-22T08:29:20Z" duration-ms="13807" status="PASS">
          <params>
            <param index="0">
              <value>
                <![CDATA[5]]>
              </value>
            </param>
            <param index="1">
              <value>
                <![CDATA[James Mondal]]>
              </value>
            </param>
            <param index="2">
              <value>
                <![CDATA[114 Terrace Ct]]>
              </value>
            </param>
            <param index="3">
              <value>
                <![CDATA[Alexandria]]>
              </value>
            </param>
            <param index="4">
              <value>
                <![CDATA[VA]]>
              </value>
            </param>
            <param index="5">
              <value>
                <![CDATA[22237]]>
              </value>
            </param>
            <param index="6">
              <value>
                <![CDATA[123456789098765]]>
              </value>
            </param>
            <param index="7">
              <value>
                <![CDATA[115]]>
              </value>
            </param>
            <param index="8">
              <value>
                <![CDATA[11/2026]]>
              </value>
            </param>
          </params>
          <reporter-output>
          </reporter-output>
        </test-method> <!-- TRShoppingCart -->
        <test-method signature="TRShoppingCart(java.lang.String, java.lang.String, java.lang.String, java.lang.String, java.lang.String, java.lang.String, java.lang.String, java.lang.String, java.lang.String)[pri:0, instance:acemePackage1.Shoppingcart@43c1b556]" started-at="2021-12-22T08:29:20Z" name="TRShoppingCart" data-provider="Traingrite" finished-at="2021-12-22T08:29:35Z" duration-ms="14492" status="PASS">
          <params>
            <param index="0">
              <value>
                <![CDATA[6]]>
              </value>
            </param>
            <param index="1">
              <value>
                <![CDATA[James Mondal]]>
              </value>
            </param>
            <param index="2">
              <value>
                <![CDATA[115 Terrace Ct]]>
              </value>
            </param>
            <param index="3">
              <value>
                <![CDATA[Alexandria]]>
              </value>
            </param>
            <param index="4">
              <value>
                <![CDATA[VA]]>
              </value>
            </param>
            <param index="5">
              <value>
                <![CDATA[22238]]>
              </value>
            </param>
            <param index="6">
              <value>
                <![CDATA[123456789098765]]>
              </value>
            </param>
            <param index="7">
              <value>
                <![CDATA[116]]>
              </value>
            </param>
            <param index="8">
              <value>
                <![CDATA[11/2027]]>
              </value>
            </param>
          </params>
          <reporter-output>
          </reporter-output>
        </test-method> <!-- TRShoppingCart -->
        <test-method signature="TRShoppingCart(java.lang.String, java.lang.String, java.lang.String, java.lang.String, java.lang.String, java.lang.String, java.lang.String, java.lang.String, java.lang.String)[pri:0, instance:acemePackage1.Shoppingcart@43c1b556]" started-at="2021-12-22T08:29:35Z" name="TRShoppingCart" data-provider="Traingrite" finished-at="2021-12-22T08:29:50Z" duration-ms="14798" status="PASS">
          <params>
            <param index="0">
              <value>
                <![CDATA[7]]>
              </value>
            </param>
            <param index="1">
              <value>
                <![CDATA[James Mondal]]>
              </value>
            </param>
            <param index="2">
              <value>
                <![CDATA[116 Terrace Ct]]>
              </value>
            </param>
            <param index="3">
              <value>
                <![CDATA[Alexandria]]>
              </value>
            </param>
            <param index="4">
              <value>
                <![CDATA[VA]]>
              </value>
            </param>
            <param index="5">
              <value>
                <![CDATA[22239]]>
              </value>
            </param>
            <param index="6">
              <value>
                <![CDATA[123456789098765]]>
              </value>
            </param>
            <param index="7">
              <value>
                <![CDATA[117]]>
              </value>
            </param>
            <param index="8">
              <value>
                <![CDATA[11/2028]]>
              </value>
            </param>
          </params>
          <reporter-output>
          </reporter-output>
        </test-method> <!-- TRShoppingCart -->
        <test-method signature="TRShoppingCart(java.lang.String, java.lang.String, java.lang.String, java.lang.String, java.lang.String, java.lang.String, java.lang.String, java.lang.String, java.lang.String)[pri:0, instance:acemePackage1.Shoppingcart@43c1b556]" started-at="2021-12-22T08:29:50Z" name="TRShoppingCart" data-provider="Traingrite" finished-at="2021-12-22T08:30:04Z" duration-ms="14652" status="PASS">
          <params>
            <param index="0">
              <value>
                <![CDATA[8]]>
              </value>
            </param>
            <param index="1">
              <value>
                <![CDATA[James Mondal]]>
              </value>
            </param>
            <param index="2">
              <value>
                <![CDATA[117 Terrace Ct]]>
              </value>
            </param>
            <param index="3">
              <value>
                <![CDATA[Alexandria]]>
              </value>
            </param>
            <param index="4">
              <value>
                <![CDATA[VA]]>
              </value>
            </param>
            <param index="5">
              <value>
                <![CDATA[22240]]>
              </value>
            </param>
            <param index="6">
              <value>
                <![CDATA[123456789098765]]>
              </value>
            </param>
            <param index="7">
              <value>
                <![CDATA[118]]>
              </value>
            </param>
            <param index="8">
              <value>
                <![CDATA[11/2029]]>
              </value>
            </param>
          </params>
          <reporter-output>
          </reporter-output>
        </test-method> <!-- TRShoppingCart -->
        <test-method signature="TRShoppingCart(java.lang.String, java.lang.String, java.lang.String, java.lang.String, java.lang.String, java.lang.String, java.lang.String, java.lang.String, java.lang.String)[pri:0, instance:acemePackage1.Shoppingcart@43c1b556]" started-at="2021-12-22T08:30:04Z" name="TRShoppingCart" data-provider="Traingrite" finished-at="2021-12-22T08:30:18Z" duration-ms="14075" status="PASS">
          <params>
            <param index="0">
              <value>
                <![CDATA[9]]>
              </value>
            </param>
            <param index="1">
              <value>
                <![CDATA[James Mondal]]>
              </value>
            </param>
            <param index="2">
              <value>
                <![CDATA[118 Terrace Ct]]>
              </value>
            </param>
            <param index="3">
              <value>
                <![CDATA[Alexandria]]>
              </value>
            </param>
            <param index="4">
              <value>
                <![CDATA[VA]]>
              </value>
            </param>
            <param index="5">
              <value>
                <![CDATA[22241]]>
              </value>
            </param>
            <param index="6">
              <value>
                <![CDATA[123456789098765]]>
              </value>
            </param>
            <param index="7">
              <value>
                <![CDATA[119]]>
              </value>
            </param>
            <param index="8">
              <value>
                <![CDATA[11/2030]]>
              </value>
            </param>
          </params>
          <reporter-output>
          </reporter-output>
        </test-method> <!-- TRShoppingCart -->
      </class> <!-- acemePackage1.Shoppingcart -->
      <class name="acemePackage1.VDDselect">
        <test-method signature="vendorInventory()[pri:0, instance:acemePackage1.VDDselect@69453e37]" started-at="2021-12-22T02:46:01Z" name="vendorInventory" finished-at="2021-12-22T02:46:23Z" duration-ms="21912" status="PASS">
          <reporter-output>
          </reporter-output>
        </test-method> <!-- vendorInventory -->
      </class> <!-- acemePackage1.VDDselect -->
      <class name="acemePackage1.phptravels">
        <test-method signature="FlightBooking(java.lang.String, java.lang.String, java.lang.String, java.lang.String, java.lang.String, java.lang.String, java.lang.String, java.lang.String, java.lang.String, java.lang.String, java.lang.String, java.lang.String, java.lang.String, java.lang.String, java.lang.String, java.lang.String, java.lang.String)[pri:0, instance:acemePackage1.phptravels@4009e306]" started-at="2021-12-22T02:54:19Z" name="FlightBooking" data-provider="PHPtravels" finished-at="2021-12-22T03:27:41Z" duration-ms="2002121" status="FAIL">
          <params>
            <param index="0">
              <value>
                <![CDATA[DCA]]>
              </value>
            </param>
            <param index="1">
              <value>
                <![CDATA[DFW]]>
              </value>
            </param>
            <param index="2">
              <value>
                <![CDATA[December 2021]]>
              </value>
            </param>
            <param index="3">
              <value>
                <![CDATA[24]]>
              </value>
            </param>
            <param index="4">
              <value>
                <![CDATA[Person]]>
              </value>
            </param>
            <param index="5">
              <value>
                <![CDATA[Gentleman]]>
              </value>
            </param>
            <param index="6">
              <value>
                <![CDATA[Gentlemanperson@gmail.com]]>
              </value>
            </param>
            <param index="7">
              <value>
                <![CDATA[8091662712]]>
              </value>
            </param>
            <param index="8">
              <value>
                <![CDATA[111 Lacy Blvd]]>
              </value>
            </param>
            <param index="9">
              <value>
                <![CDATA[Albania]]>
              </value>
            </param>
            <param index="10">
              <value>
                <![CDATA[Albania]]>
              </value>
            </param>
            <param index="11">
              <value>
                <![CDATA[Person]]>
              </value>
            </param>
            <param index="12">
              <value>
                <![CDATA[Gentleman]]>
              </value>
            </param>
            <param index="13">
              <value>
                <![CDATA[Bangladesh]]>
              </value>
            </param>
            <param index="14">
              <value>
                <![CDATA[03 March]]>
              </value>
            </param>
            <param index="15">
              <value>
                <![CDATA[10]]>
              </value>
            </param>
            <param index="16">
              <value>
                <![CDATA[1999]]>
              </value>
            </param>
          </params>
          <exception class="org.openqa.selenium.NoSuchElementException">
            <message>
              <![CDATA[no such element: Unable to locate element: {"method":"xpath","selector":"//a[contains(text(),'flights')]"}
  (Session info: chrome=96.0.4664.110)
For documentation on this error, please visit: http://seleniumhq.org/exceptions/no_such_element.html
Build info: version: '3.14.0', revision: 'aacccce0', time: '2018-08-02T20:19:58.91Z'
System info: host: 'DESKTOP-HFM2VN5', ip: '192.168.0.50', os.name: 'Windows 10', os.arch: 'amd64', os.version: '10.0', java.version: '11.0.12'
Driver info: org.openqa.selenium.chrome.ChromeDriver
Capabilities {acceptInsecureCerts: false, browserName: chrome, browserVersion: 96.0.4664.110, chrome: {chromedriverVersion: 96.0.4664.35 (8df3babf8da8f..., userDataDir: C:\Users\llmon\AppData\Loca...}, goog:chromeOptions: {debuggerAddress: localhost:63363}, javascriptEnabled: true, networkConnectionEnabled: false, pageLoadStrategy: normal, platform: WINDOWS, platformName: WINDOWS, proxy: Proxy(), setWindowRect: true, strictFileInteractability: false, timeouts: {implicit: 0, pageLoad: 300000, script: 30000}, unhandledPromptBehavior: dismiss and notify, webauthn:extension:credBlob: true, webauthn:extension:largeBlob: true, webauthn:virtualAuthenticators: true}
Session ID: 0ab4116ce67981f90fd6d6768721fca4
*** Element info: {Using=xpath, value=//a[contains(text(),'flights')]}]]>
            </message>
            <full-stacktrace>
              <![CDATA[org.openqa.selenium.NoSuchElementException: no such element: Unable to locate element: {"method":"xpath","selector":"//a[contains(text(),'flights')]"}
  (Session info: chrome=96.0.4664.110)
For documentation on this error, please visit: http://seleniumhq.org/exceptions/no_such_element.html
Build info: version: '3.14.0', revision: 'aacccce0', time: '2018-08-02T20:19:58.91Z'
System info: host: 'DESKTOP-HFM2VN5', ip: '192.168.0.50', os.name: 'Windows 10', os.arch: 'amd64', os.version: '10.0', java.version: '11.0.12'
Driver info: org.openqa.selenium.chrome.ChromeDriver
Capabilities {acceptInsecureCerts: false, browserName: chrome, browserVersion: 96.0.4664.110, chrome: {chromedriverVersion: 96.0.4664.35 (8df3babf8da8f..., userDataDir: C:\Users\llmon\AppData\Loca...}, goog:chromeOptions: {debuggerAddress: localhost:63363}, javascriptEnabled: true, networkConnectionEnabled: false, pageLoadStrategy: normal, platform: WINDOWS, platformName: WINDOWS, proxy: Proxy(), setWindowRect: true, strictFileInteractability: false, timeouts: {implicit: 0, pageLoad: 300000, script: 30000}, unhandledPromptBehavior: dismiss and notify, webauthn:extension:credBlob: true, webauthn:extension:largeBlob: true, webauthn:virtualAuthenticators: true}
Session ID: 0ab4116ce67981f90fd6d6768721fca4
*** Element info: {Using=xpath, value=//a[contains(text(),'flights')]}
at java.base/jdk.internal.reflect.NativeConstructorAccessorImpl.newInstance0(Native Method)
at java.base/jdk.internal.reflect.NativeConstructorAccessorImpl.newInstance(NativeConstructorAccessorImpl.java:62)
at java.base/jdk.internal.reflect.DelegatingConstructorAccessorImpl.newInstance(DelegatingConstructorAccessorImpl.java:45)
at java.base/java.lang.reflect.Constructor.newInstance(Constructor.java:490)
at org.openqa.selenium.remote.http.W3CHttpResponseCodec.createException(W3CHttpResponseCodec.java:187)
at org.openqa.selenium.remote.http.W3CHttpResponseCodec.decode(W3CHttpResponseCodec.java:122)
at org.openqa.selenium.remote.http.W3CHttpResponseCodec.decode(W3CHttpResponseCodec.java:49)
at org.openqa.selenium.remote.HttpCommandExecutor.execute(HttpCommandExecutor.java:158)
at org.openqa.selenium.remote.service.DriverCommandExecutor.execute(DriverCommandExecutor.java:83)
at org.openqa.selenium.remote.RemoteWebDriver.execute(RemoteWebDriver.java:548)
at org.openqa.selenium.remote.RemoteWebDriver.findElement(RemoteWebDriver.java:322)
at org.openqa.selenium.remote.RemoteWebDriver.findElementByXPath(RemoteWebDriver.java:424)
at org.openqa.selenium.By$ByXPath.findElement(By.java:353)
at org.openqa.selenium.remote.RemoteWebDriver.findElement(RemoteWebDriver.java:314)
at acemePackage1.phptravels.FlightBooking(phptravels.java:58)
at java.base/jdk.internal.reflect.NativeMethodAccessorImpl.invoke0(Native Method)
at java.base/jdk.internal.reflect.NativeMethodAccessorImpl.invoke(NativeMethodAccessorImpl.java:62)
at java.base/jdk.internal.reflect.DelegatingMethodAccessorImpl.invoke(DelegatingMethodAccessorImpl.java:43)
at java.base/java.lang.reflect.Method.invoke(Method.java:566)
at org.testng.internal.MethodInvocationHelper.invokeMethod(MethodInvocationHelper.java:124)
at org.testng.internal.Invoker.invokeMethod(Invoker.java:583)
at org.testng.internal.Invoker.invokeTestMethod(Invoker.java:719)
at org.testng.internal.Invoker.invokeTestMethods(Invoker.java:989)
at org.testng.internal.TestMethodWorker.invokeTestMethods(TestMethodWorker.java:125)
at org.testng.internal.TestMethodWorker.run(TestMethodWorker.java:109)
at org.testng.TestRunner.privateRun(TestRunner.java:648)
at org.testng.TestRunner.run(TestRunner.java:505)
at org.testng.SuiteRunner.runTest(SuiteRunner.java:455)
at org.testng.SuiteRunner.runSequentially(SuiteRunner.java:450)
at org.testng.SuiteRunner.privateRun(SuiteRunner.java:415)
at org.testng.SuiteRunner.run(SuiteRunner.java:364)
at org.testng.SuiteRunnerWorker.runSuite(SuiteRunnerWorker.java:52)
at org.testng.SuiteRunnerWorker.run(SuiteRunnerWorker.java:84)
at org.testng.TestNG.runSuitesSequentially(TestNG.java:1208)
at org.testng.TestNG.runSuitesLocally(TestNG.java:1137)
at org.testng.TestNG.runSuites(TestNG.java:1049)
at org.testng.TestNG.run(TestNG.java:1017)
at org.apache.maven.surefire.testng.TestNGExecutor.run(TestNGExecutor.java:283)
at org.apache.maven.surefire.testng.TestNGXmlTestSuite.execute(TestNGXmlTestSuite.java:75)
at org.apache.maven.surefire.testng.TestNGProvider.invoke(TestNGProvider.java:120)
at org.apache.maven.surefire.booter.ForkedBooter.invokeProviderInSameClassLoader(ForkedBooter.java:384)
at org.apache.maven.surefire.booter.ForkedBooter.runSuitesInProcess(ForkedBooter.java:345)
at org.apache.maven.surefire.booter.ForkedBooter.execute(ForkedBooter.java:126)
at org.apache.maven.surefire.booter.ForkedBooter.main(ForkedBooter.java:418)
]]>
            </full-stacktrace>
          </exception> <!-- org.openqa.selenium.NoSuchElementException -->
          <reporter-output>
          </reporter-output>
        </test-method> <!-- FlightBooking -->
        <test-method signature="FlightBooking(java.lang.String, java.lang.String, java.lang.String, java.lang.String, java.lang.String, java.lang.String, java.lang.String, java.lang.String, java.lang.String, java.lang.String, java.lang.String, java.lang.String, java.lang.String, java.lang.String, java.lang.String, java.lang.String, java.lang.String)[pri:0, instance:acemePackage1.phptravels@4009e306]" started-at="2021-12-22T03:27:41Z" name="FlightBooking" data-provider="PHPtravels" finished-at="2021-12-22T04:01:02Z" duration-ms="2001779" status="FAIL">
          <params>
            <param index="0">
              <value>
                <![CDATA[DCA]]>
              </value>
            </param>
            <param index="1">
              <value>
                <![CDATA[DFW]]>
              </value>
            </param>
            <param index="2">
              <value>
                <![CDATA[December 2021]]>
              </value>
            </param>
            <param index="3">
              <value>
                <![CDATA[29]]>
              </value>
            </param>
            <param index="4">
              <value>
                <![CDATA[Jason]]>
              </value>
            </param>
            <param index="5">
              <value>
                <![CDATA[Halder]]>
              </value>
            </param>
            <param index="6">
              <value>
                <![CDATA[Gentlemanperson@gmail.com]]>
              </value>
            </param>
            <param index="7">
              <value>
                <![CDATA[8091662713]]>
              </value>
            </param>
            <param index="8">
              <value>
                <![CDATA[1424 Terrace Court]]>
              </value>
            </param>
            <param index="9">
              <value>
                <![CDATA[India]]>
              </value>
            </param>
            <param index="10">
              <value>
                <![CDATA[India]]>
              </value>
            </param>
            <param index="11">
              <value>
                <![CDATA[Jason]]>
              </value>
            </param>
            <param index="12">
              <value>
                <![CDATA[Halder]]>
              </value>
            </param>
            <param index="13">
              <value>
                <![CDATA[India]]>
              </value>
            </param>
            <param index="14">
              <value>
                <![CDATA[03 March]]>
              </value>
            </param>
            <param index="15">
              <value>
                <![CDATA[11]]>
              </value>
            </param>
            <param index="16">
              <value>
                <![CDATA[1999]]>
              </value>
            </param>
          </params>
          <exception class="org.openqa.selenium.NoSuchElementException">
            <message>
              <![CDATA[no such element: Unable to locate element: {"method":"xpath","selector":"//a[contains(text(),'flights')]"}
  (Session info: chrome=96.0.4664.110)
For documentation on this error, please visit: http://seleniumhq.org/exceptions/no_such_element.html
Build info: version: '3.14.0', revision: 'aacccce0', time: '2018-08-02T20:19:58.91Z'
System info: host: 'DESKTOP-HFM2VN5', ip: '192.168.0.50', os.name: 'Windows 10', os.arch: 'amd64', os.version: '10.0', java.version: '11.0.12'
Driver info: org.openqa.selenium.chrome.ChromeDriver
Capabilities {acceptInsecureCerts: false, browserName: chrome, browserVersion: 96.0.4664.110, chrome: {chromedriverVersion: 96.0.4664.35 (8df3babf8da8f..., userDataDir: C:\Users\llmon\AppData\Loca...}, goog:chromeOptions: {debuggerAddress: localhost:63553}, javascriptEnabled: true, networkConnectionEnabled: false, pageLoadStrategy: normal, platform: WINDOWS, platformName: WINDOWS, proxy: Proxy(), setWindowRect: true, strictFileInteractability: false, timeouts: {implicit: 0, pageLoad: 300000, script: 30000}, unhandledPromptBehavior: dismiss and notify, webauthn:extension:credBlob: true, webauthn:extension:largeBlob: true, webauthn:virtualAuthenticators: true}
Session ID: 756678cba100bca308476c452c775981
*** Element info: {Using=xpath, value=//a[contains(text(),'flights')]}]]>
            </message>
            <full-stacktrace>
              <![CDATA[org.openqa.selenium.NoSuchElementException: no such element: Unable to locate element: {"method":"xpath","selector":"//a[contains(text(),'flights')]"}
  (Session info: chrome=96.0.4664.110)
For documentation on this error, please visit: http://seleniumhq.org/exceptions/no_such_element.html
Build info: version: '3.14.0', revision: 'aacccce0', time: '2018-08-02T20:19:58.91Z'
System info: host: 'DESKTOP-HFM2VN5', ip: '192.168.0.50', os.name: 'Windows 10', os.arch: 'amd64', os.version: '10.0', java.version: '11.0.12'
Driver info: org.openqa.selenium.chrome.ChromeDriver
Capabilities {acceptInsecureCerts: false, browserName: chrome, browserVersion: 96.0.4664.110, chrome: {chromedriverVersion: 96.0.4664.35 (8df3babf8da8f..., userDataDir: C:\Users\llmon\AppData\Loca...}, goog:chromeOptions: {debuggerAddress: localhost:63553}, javascriptEnabled: true, networkConnectionEnabled: false, pageLoadStrategy: normal, platform: WINDOWS, platformName: WINDOWS, proxy: Proxy(), setWindowRect: true, strictFileInteractability: false, timeouts: {implicit: 0, pageLoad: 300000, script: 30000}, unhandledPromptBehavior: dismiss and notify, webauthn:extension:credBlob: true, webauthn:extension:largeBlob: true, webauthn:virtualAuthenticators: true}
Session ID: 756678cba100bca308476c452c775981
*** Element info: {Using=xpath, value=//a[contains(text(),'flights')]}
at java.base/jdk.internal.reflect.NativeConstructorAccessorImpl.newInstance0(Native Method)
at java.base/jdk.internal.reflect.NativeConstructorAccessorImpl.newInstance(NativeConstructorAccessorImpl.java:62)
at java.base/jdk.internal.reflect.DelegatingConstructorAccessorImpl.newInstance(DelegatingConstructorAccessorImpl.java:45)
at java.base/java.lang.reflect.Constructor.newInstance(Constructor.java:490)
at org.openqa.selenium.remote.http.W3CHttpResponseCodec.createException(W3CHttpResponseCodec.java:187)
at org.openqa.selenium.remote.http.W3CHttpResponseCodec.decode(W3CHttpResponseCodec.java:122)
at org.openqa.selenium.remote.http.W3CHttpResponseCodec.decode(W3CHttpResponseCodec.java:49)
at org.openqa.selenium.remote.HttpCommandExecutor.execute(HttpCommandExecutor.java:158)
at org.openqa.selenium.remote.service.DriverCommandExecutor.execute(DriverCommandExecutor.java:83)
at org.openqa.selenium.remote.RemoteWebDriver.execute(RemoteWebDriver.java:548)
at org.openqa.selenium.remote.RemoteWebDriver.findElement(RemoteWebDriver.java:322)
at org.openqa.selenium.remote.RemoteWebDriver.findElementByXPath(RemoteWebDriver.java:424)
at org.openqa.selenium.By$ByXPath.findElement(By.java:353)
at org.openqa.selenium.remote.RemoteWebDriver.findElement(RemoteWebDriver.java:314)
at acemePackage1.phptravels.FlightBooking(phptravels.java:58)
at java.base/jdk.internal.reflect.NativeMethodAccessorImpl.invoke0(Native Method)
at java.base/jdk.internal.reflect.NativeMethodAccessorImpl.invoke(NativeMethodAccessorImpl.java:62)
at java.base/jdk.internal.reflect.DelegatingMethodAccessorImpl.invoke(DelegatingMethodAccessorImpl.java:43)
at java.base/java.lang.reflect.Method.invoke(Method.java:566)
at org.testng.internal.MethodInvocationHelper.invokeMethod(MethodInvocationHelper.java:124)
at org.testng.internal.Invoker.invokeMethod(Invoker.java:583)
at org.testng.internal.Invoker.invokeTestMethod(Invoker.java:719)
at org.testng.internal.Invoker.invokeTestMethods(Invoker.java:989)
at org.testng.internal.TestMethodWorker.invokeTestMethods(TestMethodWorker.java:125)
at org.testng.internal.TestMethodWorker.run(TestMethodWorker.java:109)
at org.testng.TestRunner.privateRun(TestRunner.java:648)
at org.testng.TestRunner.run(TestRunner.java:505)
at org.testng.SuiteRunner.runTest(SuiteRunner.java:455)
at org.testng.SuiteRunner.runSequentially(SuiteRunner.java:450)
at org.testng.SuiteRunner.privateRun(SuiteRunner.java:415)
at org.testng.SuiteRunner.run(SuiteRunner.java:364)
at org.testng.SuiteRunnerWorker.runSuite(SuiteRunnerWorker.java:52)
at org.testng.SuiteRunnerWorker.run(SuiteRunnerWorker.java:84)
at org.testng.TestNG.runSuitesSequentially(TestNG.java:1208)
at org.testng.TestNG.runSuitesLocally(TestNG.java:1137)
at org.testng.TestNG.runSuites(TestNG.java:1049)
at org.testng.TestNG.run(TestNG.java:1017)
at org.apache.maven.surefire.testng.TestNGExecutor.run(TestNGExecutor.java:283)
at org.apache.maven.surefire.testng.TestNGXmlTestSuite.execute(TestNGXmlTestSuite.java:75)
at org.apache.maven.surefire.testng.TestNGProvider.invoke(TestNGProvider.java:120)
at org.apache.maven.surefire.booter.ForkedBooter.invokeProviderInSameClassLoader(ForkedBooter.java:384)
at org.apache.maven.surefire.booter.ForkedBooter.runSuitesInProcess(ForkedBooter.java:345)
at org.apache.maven.surefire.booter.ForkedBooter.execute(ForkedBooter.java:126)
at org.apache.maven.surefire.booter.ForkedBooter.main(ForkedBooter.java:418)
]]>
            </full-stacktrace>
          </exception> <!-- org.openqa.selenium.NoSuchElementException -->
          <reporter-output>
          </reporter-output>
        </test-method> <!-- FlightBooking -->
        <test-method signature="FlightBooking(java.lang.String, java.lang.String, java.lang.String, java.lang.String, java.lang.String, java.lang.String, java.lang.String, java.lang.String, java.lang.String, java.lang.String, java.lang.String, java.lang.String, java.lang.String, java.lang.String, java.lang.String, java.lang.String, java.lang.String)[pri:0, instance:acemePackage1.phptravels@4009e306]" started-at="2021-12-22T04:01:02Z" name="FlightBooking" data-provider="PHPtravels" finished-at="2021-12-22T05:07:56Z" duration-ms="4013145" status="FAIL">
          <params>
            <param index="0">
              <value>
                <![CDATA[DCA]]>
              </value>
            </param>
            <param index="1">
              <value>
                <![CDATA[DFW]]>
              </value>
            </param>
            <param index="2">
              <value>
                <![CDATA[January 2022]]>
              </value>
            </param>
            <param index="3">
              <value>
                <![CDATA[24]]>
              </value>
            </param>
            <param index="4">
              <value>
                <![CDATA[Johon]]>
              </value>
            </param>
            <param index="5">
              <value>
                <![CDATA[Som]]>
              </value>
            </param>
            <param index="6">
              <value>
                <![CDATA[Gentlemanperson@gmail.com]]>
              </value>
            </param>
            <param index="7">
              <value>
                <![CDATA[8091662714]]>
              </value>
            </param>
            <param index="8">
              <value>
                <![CDATA[3423 Taylor Street]]>
              </value>
            </param>
            <param index="9">
              <value>
                <![CDATA[Ireland]]>
              </value>
            </param>
            <param index="10">
              <value>
                <![CDATA[Ireland]]>
              </value>
            </param>
            <param index="11">
              <value>
                <![CDATA[Johon]]>
              </value>
            </param>
            <param index="12">
              <value>
                <![CDATA[Som]]>
              </value>
            </param>
            <param index="13">
              <value>
                <![CDATA[Ireland]]>
              </value>
            </param>
            <param index="14">
              <value>
                <![CDATA[03 March]]>
              </value>
            </param>
            <param index="15">
              <value>
                <![CDATA[12]]>
              </value>
            </param>
            <param index="16">
              <value>
                <![CDATA[1999]]>
              </value>
            </param>
          </params>
          <exception class="org.openqa.selenium.NoSuchElementException">
            <message>
              <![CDATA[no such element: Unable to locate element: {"method":"css selector","selector":"*[name='firstname']"}
  (Session info: chrome=96.0.4664.110)
For documentation on this error, please visit: http://seleniumhq.org/exceptions/no_such_element.html
Build info: version: '3.14.0', revision: 'aacccce0', time: '2018-08-02T20:19:58.91Z'
System info: host: 'DESKTOP-HFM2VN5', ip: '192.168.0.50', os.name: 'Windows 10', os.arch: 'amd64', os.version: '10.0', java.version: '11.0.12'
Driver info: org.openqa.selenium.chrome.ChromeDriver
Capabilities {acceptInsecureCerts: false, browserName: chrome, browserVersion: 96.0.4664.110, chrome: {chromedriverVersion: 96.0.4664.35 (8df3babf8da8f..., userDataDir: C:\Users\llmon\AppData\Loca...}, goog:chromeOptions: {debuggerAddress: localhost:63739}, javascriptEnabled: true, networkConnectionEnabled: false, pageLoadStrategy: normal, platform: WINDOWS, platformName: WINDOWS, proxy: Proxy(), setWindowRect: true, strictFileInteractability: false, timeouts: {implicit: 0, pageLoad: 300000, script: 30000}, unhandledPromptBehavior: dismiss and notify, webauthn:extension:credBlob: true, webauthn:extension:largeBlob: true, webauthn:virtualAuthenticators: true}
Session ID: 6a2952b693d2e6048013cc9a9c4b8962
*** Element info: {Using=name, value=firstname}]]>
            </message>
            <full-stacktrace>
              <![CDATA[org.openqa.selenium.NoSuchElementException: no such element: Unable to locate element: {"method":"css selector","selector":"*[name='firstname']"}
  (Session info: chrome=96.0.4664.110)
For documentation on this error, please visit: http://seleniumhq.org/exceptions/no_such_element.html
Build info: version: '3.14.0', revision: 'aacccce0', time: '2018-08-02T20:19:58.91Z'
System info: host: 'DESKTOP-HFM2VN5', ip: '192.168.0.50', os.name: 'Windows 10', os.arch: 'amd64', os.version: '10.0', java.version: '11.0.12'
Driver info: org.openqa.selenium.chrome.ChromeDriver
Capabilities {acceptInsecureCerts: false, browserName: chrome, browserVersion: 96.0.4664.110, chrome: {chromedriverVersion: 96.0.4664.35 (8df3babf8da8f..., userDataDir: C:\Users\llmon\AppData\Loca...}, goog:chromeOptions: {debuggerAddress: localhost:63739}, javascriptEnabled: true, networkConnectionEnabled: false, pageLoadStrategy: normal, platform: WINDOWS, platformName: WINDOWS, proxy: Proxy(), setWindowRect: true, strictFileInteractability: false, timeouts: {implicit: 0, pageLoad: 300000, script: 30000}, unhandledPromptBehavior: dismiss and notify, webauthn:extension:credBlob: true, webauthn:extension:largeBlob: true, webauthn:virtualAuthenticators: true}
Session ID: 6a2952b693d2e6048013cc9a9c4b8962
*** Element info: {Using=name, value=firstname}
at java.base/jdk.internal.reflect.NativeConstructorAccessorImpl.newInstance0(Native Method)
at java.base/jdk.internal.reflect.NativeConstructorAccessorImpl.newInstance(NativeConstructorAccessorImpl.java:62)
at java.base/jdk.internal.reflect.DelegatingConstructorAccessorImpl.newInstance(DelegatingConstructorAccessorImpl.java:45)
at java.base/java.lang.reflect.Constructor.newInstance(Constructor.java:490)
at org.openqa.selenium.remote.http.W3CHttpResponseCodec.createException(W3CHttpResponseCodec.java:187)
at org.openqa.selenium.remote.http.W3CHttpResponseCodec.decode(W3CHttpResponseCodec.java:122)
at org.openqa.selenium.remote.http.W3CHttpResponseCodec.decode(W3CHttpResponseCodec.java:49)
at org.openqa.selenium.remote.HttpCommandExecutor.execute(HttpCommandExecutor.java:158)
at org.openqa.selenium.remote.service.DriverCommandExecutor.execute(DriverCommandExecutor.java:83)
at org.openqa.selenium.remote.RemoteWebDriver.execute(RemoteWebDriver.java:548)
at org.openqa.selenium.remote.RemoteWebDriver.findElement(RemoteWebDriver.java:322)
at org.openqa.selenium.remote.RemoteWebDriver.findElementByName(RemoteWebDriver.java:400)
at org.openqa.selenium.By$ByName.findElement(By.java:284)
at org.openqa.selenium.remote.RemoteWebDriver.findElement(RemoteWebDriver.java:314)
at acemePackage1.phptravels.FlightBooking(phptravels.java:111)
at java.base/jdk.internal.reflect.NativeMethodAccessorImpl.invoke0(Native Method)
at java.base/jdk.internal.reflect.NativeMethodAccessorImpl.invoke(NativeMethodAccessorImpl.java:62)
at java.base/jdk.internal.reflect.DelegatingMethodAccessorImpl.invoke(DelegatingMethodAccessorImpl.java:43)
at java.base/java.lang.reflect.Method.invoke(Method.java:566)
at org.testng.internal.MethodInvocationHelper.invokeMethod(MethodInvocationHelper.java:124)
at org.testng.internal.Invoker.invokeMethod(Invoker.java:583)
at org.testng.internal.Invoker.invokeTestMethod(Invoker.java:719)
at org.testng.internal.Invoker.invokeTestMethods(Invoker.java:989)
at org.testng.internal.TestMethodWorker.invokeTestMethods(TestMethodWorker.java:125)
at org.testng.internal.TestMethodWorker.run(TestMethodWorker.java:109)
at org.testng.TestRunner.privateRun(TestRunner.java:648)
at org.testng.TestRunner.run(TestRunner.java:505)
at org.testng.SuiteRunner.runTest(SuiteRunner.java:455)
at org.testng.SuiteRunner.runSequentially(SuiteRunner.java:450)
at org.testng.SuiteRunner.privateRun(SuiteRunner.java:415)
at org.testng.SuiteRunner.run(SuiteRunner.java:364)
at org.testng.SuiteRunnerWorker.runSuite(SuiteRunnerWorker.java:52)
at org.testng.SuiteRunnerWorker.run(SuiteRunnerWorker.java:84)
at org.testng.TestNG.runSuitesSequentially(TestNG.java:1208)
at org.testng.TestNG.runSuitesLocally(TestNG.java:1137)
at org.testng.TestNG.runSuites(TestNG.java:1049)
at org.testng.TestNG.run(TestNG.java:1017)
at org.apache.maven.surefire.testng.TestNGExecutor.run(TestNGExecutor.java:283)
at org.apache.maven.surefire.testng.TestNGXmlTestSuite.execute(TestNGXmlTestSuite.java:75)
at org.apache.maven.surefire.testng.TestNGProvider.invoke(TestNGProvider.java:120)
at org.apache.maven.surefire.booter.ForkedBooter.invokeProviderInSameClassLoader(ForkedBooter.java:384)
at org.apache.maven.surefire.booter.ForkedBooter.runSuitesInProcess(ForkedBooter.java:345)
at org.apache.maven.surefire.booter.ForkedBooter.execute(ForkedBooter.java:126)
at org.apache.maven.surefire.booter.ForkedBooter.main(ForkedBooter.java:418)
]]>
            </full-stacktrace>
          </exception> <!-- org.openqa.selenium.NoSuchElementException -->
          <reporter-output>
          </reporter-output>
        </test-method> <!-- FlightBooking -->
        <test-method signature="FlightBooking(java.lang.String, java.lang.String, java.lang.String, java.lang.String, java.lang.String, java.lang.String, java.lang.String, java.lang.String, java.lang.String, java.lang.String, java.lang.String, java.lang.String, java.lang.String, java.lang.String, java.lang.String, java.lang.String, java.lang.String)[pri:0, instance:acemePackage1.phptravels@4009e306]" started-at="2021-12-22T05:07:56Z" name="FlightBooking" data-provider="PHPtravels" finished-at="2021-12-22T06:14:53Z" duration-ms="4017803" status="FAIL">
          <params>
            <param index="0">
              <value>
                <![CDATA[DCA]]>
              </value>
            </param>
            <param index="1">
              <value>
                <![CDATA[DFW]]>
              </value>
            </param>
            <param index="2">
              <value>
                <![CDATA[March 2022]]>
              </value>
            </param>
            <param index="3">
              <value>
                <![CDATA[31]]>
              </value>
            </param>
            <param index="4">
              <value>
                <![CDATA[Bright]]>
              </value>
            </param>
            <param index="5">
              <value>
                <![CDATA[Mondal]]>
              </value>
            </param>
            <param index="6">
              <value>
                <![CDATA[Gentlemanperson@gmail.com]]>
              </value>
            </param>
            <param index="7">
              <value>
                <![CDATA[8091662715]]>
              </value>
            </param>
            <param index="8">
              <value>
                <![CDATA[223 Handerson Street]]>
              </value>
            </param>
            <param index="9">
              <value>
                <![CDATA[Bangladesh]]>
              </value>
            </param>
            <param index="10">
              <value>
                <![CDATA[Bangladesh]]>
              </value>
            </param>
            <param index="11">
              <value>
                <![CDATA[Bright]]>
              </value>
            </param>
            <param index="12">
              <value>
                <![CDATA[Mondal]]>
              </value>
            </param>
            <param index="13">
              <value>
                <![CDATA[Bangladesh]]>
              </value>
            </param>
            <param index="14">
              <value>
                <![CDATA[03 March]]>
              </value>
            </param>
            <param index="15">
              <value>
                <![CDATA[13]]>
              </value>
            </param>
            <param index="16">
              <value>
                <![CDATA[1999]]>
              </value>
            </param>
          </params>
          <exception class="org.openqa.selenium.NoSuchElementException">
            <message>
              <![CDATA[no such element: Unable to locate element: {"method":"css selector","selector":"*[name='firstname']"}
  (Session info: chrome=96.0.4664.110)
For documentation on this error, please visit: http://seleniumhq.org/exceptions/no_such_element.html
Build info: version: '3.14.0', revision: 'aacccce0', time: '2018-08-02T20:19:58.91Z'
System info: host: 'DESKTOP-HFM2VN5', ip: '192.168.0.50', os.name: 'Windows 10', os.arch: 'amd64', os.version: '10.0', java.version: '11.0.12'
Driver info: org.openqa.selenium.chrome.ChromeDriver
Capabilities {acceptInsecureCerts: false, browserName: chrome, browserVersion: 96.0.4664.110, chrome: {chromedriverVersion: 96.0.4664.35 (8df3babf8da8f..., userDataDir: C:\Users\llmon\AppData\Loca...}, goog:chromeOptions: {debuggerAddress: localhost:63938}, javascriptEnabled: true, networkConnectionEnabled: false, pageLoadStrategy: normal, platform: WINDOWS, platformName: WINDOWS, proxy: Proxy(), setWindowRect: true, strictFileInteractability: false, timeouts: {implicit: 0, pageLoad: 300000, script: 30000}, unhandledPromptBehavior: dismiss and notify, webauthn:extension:credBlob: true, webauthn:extension:largeBlob: true, webauthn:virtualAuthenticators: true}
Session ID: 21016404f998a1747fab0c4f0b6699bf
*** Element info: {Using=name, value=firstname}]]>
            </message>
            <full-stacktrace>
              <![CDATA[org.openqa.selenium.NoSuchElementException: no such element: Unable to locate element: {"method":"css selector","selector":"*[name='firstname']"}
  (Session info: chrome=96.0.4664.110)
For documentation on this error, please visit: http://seleniumhq.org/exceptions/no_such_element.html
Build info: version: '3.14.0', revision: 'aacccce0', time: '2018-08-02T20:19:58.91Z'
System info: host: 'DESKTOP-HFM2VN5', ip: '192.168.0.50', os.name: 'Windows 10', os.arch: 'amd64', os.version: '10.0', java.version: '11.0.12'
Driver info: org.openqa.selenium.chrome.ChromeDriver
Capabilities {acceptInsecureCerts: false, browserName: chrome, browserVersion: 96.0.4664.110, chrome: {chromedriverVersion: 96.0.4664.35 (8df3babf8da8f..., userDataDir: C:\Users\llmon\AppData\Loca...}, goog:chromeOptions: {debuggerAddress: localhost:63938}, javascriptEnabled: true, networkConnectionEnabled: false, pageLoadStrategy: normal, platform: WINDOWS, platformName: WINDOWS, proxy: Proxy(), setWindowRect: true, strictFileInteractability: false, timeouts: {implicit: 0, pageLoad: 300000, script: 30000}, unhandledPromptBehavior: dismiss and notify, webauthn:extension:credBlob: true, webauthn:extension:largeBlob: true, webauthn:virtualAuthenticators: true}
Session ID: 21016404f998a1747fab0c4f0b6699bf
*** Element info: {Using=name, value=firstname}
at java.base/jdk.internal.reflect.NativeConstructorAccessorImpl.newInstance0(Native Method)
at java.base/jdk.internal.reflect.NativeConstructorAccessorImpl.newInstance(NativeConstructorAccessorImpl.java:62)
at java.base/jdk.internal.reflect.DelegatingConstructorAccessorImpl.newInstance(DelegatingConstructorAccessorImpl.java:45)
at java.base/java.lang.reflect.Constructor.newInstance(Constructor.java:490)
at org.openqa.selenium.remote.http.W3CHttpResponseCodec.createException(W3CHttpResponseCodec.java:187)
at org.openqa.selenium.remote.http.W3CHttpResponseCodec.decode(W3CHttpResponseCodec.java:122)
at org.openqa.selenium.remote.http.W3CHttpResponseCodec.decode(W3CHttpResponseCodec.java:49)
at org.openqa.selenium.remote.HttpCommandExecutor.execute(HttpCommandExecutor.java:158)
at org.openqa.selenium.remote.service.DriverCommandExecutor.execute(DriverCommandExecutor.java:83)
at org.openqa.selenium.remote.RemoteWebDriver.execute(RemoteWebDriver.java:548)
at org.openqa.selenium.remote.RemoteWebDriver.findElement(RemoteWebDriver.java:322)
at org.openqa.selenium.remote.RemoteWebDriver.findElementByName(RemoteWebDriver.java:400)
at org.openqa.selenium.By$ByName.findElement(By.java:284)
at org.openqa.selenium.remote.RemoteWebDriver.findElement(RemoteWebDriver.java:314)
at acemePackage1.phptravels.FlightBooking(phptravels.java:111)
at java.base/jdk.internal.reflect.NativeMethodAccessorImpl.invoke0(Native Method)
at java.base/jdk.internal.reflect.NativeMethodAccessorImpl.invoke(NativeMethodAccessorImpl.java:62)
at java.base/jdk.internal.reflect.DelegatingMethodAccessorImpl.invoke(DelegatingMethodAccessorImpl.java:43)
at java.base/java.lang.reflect.Method.invoke(Method.java:566)
at org.testng.internal.MethodInvocationHelper.invokeMethod(MethodInvocationHelper.java:124)
at org.testng.internal.Invoker.invokeMethod(Invoker.java:583)
at org.testng.internal.Invoker.invokeTestMethod(Invoker.java:719)
at org.testng.internal.Invoker.invokeTestMethods(Invoker.java:989)
at org.testng.internal.TestMethodWorker.invokeTestMethods(TestMethodWorker.java:125)
at org.testng.internal.TestMethodWorker.run(TestMethodWorker.java:109)
at org.testng.TestRunner.privateRun(TestRunner.java:648)
at org.testng.TestRunner.run(TestRunner.java:505)
at org.testng.SuiteRunner.runTest(SuiteRunner.java:455)
at org.testng.SuiteRunner.runSequentially(SuiteRunner.java:450)
at org.testng.SuiteRunner.privateRun(SuiteRunner.java:415)
at org.testng.SuiteRunner.run(SuiteRunner.java:364)
at org.testng.SuiteRunnerWorker.runSuite(SuiteRunnerWorker.java:52)
at org.testng.SuiteRunnerWorker.run(SuiteRunnerWorker.java:84)
at org.testng.TestNG.runSuitesSequentially(TestNG.java:1208)
at org.testng.TestNG.runSuitesLocally(TestNG.java:1137)
at org.testng.TestNG.runSuites(TestNG.java:1049)
at org.testng.TestNG.run(TestNG.java:1017)
at org.apache.maven.surefire.testng.TestNGExecutor.run(TestNGExecutor.java:283)
at org.apache.maven.surefire.testng.TestNGXmlTestSuite.execute(TestNGXmlTestSuite.java:75)
at org.apache.maven.surefire.testng.TestNGProvider.invoke(TestNGProvider.java:120)
at org.apache.maven.surefire.booter.ForkedBooter.invokeProviderInSameClassLoader(ForkedBooter.java:384)
at org.apache.maven.surefire.booter.ForkedBooter.runSuitesInProcess(ForkedBooter.java:345)
at org.apache.maven.surefire.booter.ForkedBooter.execute(ForkedBooter.java:126)
at org.apache.maven.surefire.booter.ForkedBooter.main(ForkedBooter.java:418)
]]>
            </full-stacktrace>
          </exception> <!-- org.openqa.selenium.NoSuchElementException -->
          <reporter-output>
          </reporter-output>
        </test-method> <!-- FlightBooking -->
        <test-method signature="FlightBooking(java.lang.String, java.lang.String, java.lang.String, java.lang.String, java.lang.String, java.lang.String, java.lang.String, java.lang.String, java.lang.String, java.lang.String, java.lang.String, java.lang.String, java.lang.String, java.lang.String, java.lang.String, java.lang.String, java.lang.String)[pri:0, instance:acemePackage1.phptravels@4009e306]" started-at="2021-12-22T06:14:53Z" name="FlightBooking" data-provider="PHPtravels" finished-at="2021-12-22T06:48:15Z" duration-ms="2002019" status="FAIL">
          <params>
            <param index="0">
              <value>
                <![CDATA[DCA]]>
              </value>
            </param>
            <param index="1">
              <value>
                <![CDATA[DFW]]>
              </value>
            </param>
            <param index="2">
              <value>
                <![CDATA[December 2021]]>
              </value>
            </param>
            <param index="3">
              <value>
                <![CDATA[24]]>
              </value>
            </param>
            <param index="4">
              <value>
                <![CDATA[Madison]]>
              </value>
            </param>
            <param index="5">
              <value>
                <![CDATA[Mondal]]>
              </value>
            </param>
            <param index="6">
              <value>
                <![CDATA[Gentlemanperson@gmail.com]]>
              </value>
            </param>
            <param index="7">
              <value>
                <![CDATA[8091662716]]>
              </value>
            </param>
            <param index="8">
              <value>
                <![CDATA[5690 Westwood Center Drive]]>
              </value>
            </param>
            <param index="9">
              <value>
                <![CDATA[Belgium]]>
              </value>
            </param>
            <param index="10">
              <value>
                <![CDATA[Belgium]]>
              </value>
            </param>
            <param index="11">
              <value>
                <![CDATA[Madison]]>
              </value>
            </param>
            <param index="12">
              <value>
                <![CDATA[Mondal]]>
              </value>
            </param>
            <param index="13">
              <value>
                <![CDATA[Belgium]]>
              </value>
            </param>
            <param index="14">
              <value>
                <![CDATA[03 March]]>
              </value>
            </param>
            <param index="15">
              <value>
                <![CDATA[14]]>
              </value>
            </param>
            <param index="16">
              <value>
                <![CDATA[1999]]>
              </value>
            </param>
          </params>
          <exception class="org.openqa.selenium.NoSuchElementException">
            <message>
              <![CDATA[no such element: Unable to locate element: {"method":"xpath","selector":"//a[contains(text(),'flights')]"}
  (Session info: chrome=96.0.4664.110)
For documentation on this error, please visit: http://seleniumhq.org/exceptions/no_such_element.html
Build info: version: '3.14.0', revision: 'aacccce0', time: '2018-08-02T20:19:58.91Z'
System info: host: 'DESKTOP-HFM2VN5', ip: '192.168.0.50', os.name: 'Windows 10', os.arch: 'amd64', os.version: '10.0', java.version: '11.0.12'
Driver info: org.openqa.selenium.chrome.ChromeDriver
Capabilities {acceptInsecureCerts: false, browserName: chrome, browserVersion: 96.0.4664.110, chrome: {chromedriverVersion: 96.0.4664.35 (8df3babf8da8f..., userDataDir: C:\Users\llmon\AppData\Loca...}, goog:chromeOptions: {debuggerAddress: localhost:64163}, javascriptEnabled: true, networkConnectionEnabled: false, pageLoadStrategy: normal, platform: WINDOWS, platformName: WINDOWS, proxy: Proxy(), setWindowRect: true, strictFileInteractability: false, timeouts: {implicit: 0, pageLoad: 300000, script: 30000}, unhandledPromptBehavior: dismiss and notify, webauthn:extension:credBlob: true, webauthn:extension:largeBlob: true, webauthn:virtualAuthenticators: true}
Session ID: e445360eb40752be0168b9d57cf0e04f
*** Element info: {Using=xpath, value=//a[contains(text(),'flights')]}]]>
            </message>
            <full-stacktrace>
              <![CDATA[org.openqa.selenium.NoSuchElementException: no such element: Unable to locate element: {"method":"xpath","selector":"//a[contains(text(),'flights')]"}
  (Session info: chrome=96.0.4664.110)
For documentation on this error, please visit: http://seleniumhq.org/exceptions/no_such_element.html
Build info: version: '3.14.0', revision: 'aacccce0', time: '2018-08-02T20:19:58.91Z'
System info: host: 'DESKTOP-HFM2VN5', ip: '192.168.0.50', os.name: 'Windows 10', os.arch: 'amd64', os.version: '10.0', java.version: '11.0.12'
Driver info: org.openqa.selenium.chrome.ChromeDriver
Capabilities {acceptInsecureCerts: false, browserName: chrome, browserVersion: 96.0.4664.110, chrome: {chromedriverVersion: 96.0.4664.35 (8df3babf8da8f..., userDataDir: C:\Users\llmon\AppData\Loca...}, goog:chromeOptions: {debuggerAddress: localhost:64163}, javascriptEnabled: true, networkConnectionEnabled: false, pageLoadStrategy: normal, platform: WINDOWS, platformName: WINDOWS, proxy: Proxy(), setWindowRect: true, strictFileInteractability: false, timeouts: {implicit: 0, pageLoad: 300000, script: 30000}, unhandledPromptBehavior: dismiss and notify, webauthn:extension:credBlob: true, webauthn:extension:largeBlob: true, webauthn:virtualAuthenticators: true}
Session ID: e445360eb40752be0168b9d57cf0e04f
*** Element info: {Using=xpath, value=//a[contains(text(),'flights')]}
at java.base/jdk.internal.reflect.NativeConstructorAccessorImpl.newInstance0(Native Method)
at java.base/jdk.internal.reflect.NativeConstructorAccessorImpl.newInstance(NativeConstructorAccessorImpl.java:62)
at java.base/jdk.internal.reflect.DelegatingConstructorAccessorImpl.newInstance(DelegatingConstructorAccessorImpl.java:45)
at java.base/java.lang.reflect.Constructor.newInstance(Constructor.java:490)
at org.openqa.selenium.remote.http.W3CHttpResponseCodec.createException(W3CHttpResponseCodec.java:187)
at org.openqa.selenium.remote.http.W3CHttpResponseCodec.decode(W3CHttpResponseCodec.java:122)
at org.openqa.selenium.remote.http.W3CHttpResponseCodec.decode(W3CHttpResponseCodec.java:49)
at org.openqa.selenium.remote.HttpCommandExecutor.execute(HttpCommandExecutor.java:158)
at org.openqa.selenium.remote.service.DriverCommandExecutor.execute(DriverCommandExecutor.java:83)
at org.openqa.selenium.remote.RemoteWebDriver.execute(RemoteWebDriver.java:548)
at org.openqa.selenium.remote.RemoteWebDriver.findElement(RemoteWebDriver.java:322)
at org.openqa.selenium.remote.RemoteWebDriver.findElementByXPath(RemoteWebDriver.java:424)
at org.openqa.selenium.By$ByXPath.findElement(By.java:353)
at org.openqa.selenium.remote.RemoteWebDriver.findElement(RemoteWebDriver.java:314)
at acemePackage1.phptravels.FlightBooking(phptravels.java:58)
at java.base/jdk.internal.reflect.NativeMethodAccessorImpl.invoke0(Native Method)
at java.base/jdk.internal.reflect.NativeMethodAccessorImpl.invoke(NativeMethodAccessorImpl.java:62)
at java.base/jdk.internal.reflect.DelegatingMethodAccessorImpl.invoke(DelegatingMethodAccessorImpl.java:43)
at java.base/java.lang.reflect.Method.invoke(Method.java:566)
at org.testng.internal.MethodInvocationHelper.invokeMethod(MethodInvocationHelper.java:124)
at org.testng.internal.Invoker.invokeMethod(Invoker.java:583)
at org.testng.internal.Invoker.invokeTestMethod(Invoker.java:719)
at org.testng.internal.Invoker.invokeTestMethods(Invoker.java:989)
at org.testng.internal.TestMethodWorker.invokeTestMethods(TestMethodWorker.java:125)
at org.testng.internal.TestMethodWorker.run(TestMethodWorker.java:109)
at org.testng.TestRunner.privateRun(TestRunner.java:648)
at org.testng.TestRunner.run(TestRunner.java:505)
at org.testng.SuiteRunner.runTest(SuiteRunner.java:455)
at org.testng.SuiteRunner.runSequentially(SuiteRunner.java:450)
at org.testng.SuiteRunner.privateRun(SuiteRunner.java:415)
at org.testng.SuiteRunner.run(SuiteRunner.java:364)
at org.testng.SuiteRunnerWorker.runSuite(SuiteRunnerWorker.java:52)
at org.testng.SuiteRunnerWorker.run(SuiteRunnerWorker.java:84)
at org.testng.TestNG.runSuitesSequentially(TestNG.java:1208)
at org.testng.TestNG.runSuitesLocally(TestNG.java:1137)
at org.testng.TestNG.runSuites(TestNG.java:1049)
at org.testng.TestNG.run(TestNG.java:1017)
at org.apache.maven.surefire.testng.TestNGExecutor.run(TestNGExecutor.java:283)
at org.apache.maven.surefire.testng.TestNGXmlTestSuite.execute(TestNGXmlTestSuite.java:75)
at org.apache.maven.surefire.testng.TestNGProvider.invoke(TestNGProvider.java:120)
at org.apache.maven.surefire.booter.ForkedBooter.invokeProviderInSameClassLoader(ForkedBooter.java:384)
at org.apache.maven.surefire.booter.ForkedBooter.runSuitesInProcess(ForkedBooter.java:345)
at org.apache.maven.surefire.booter.ForkedBooter.execute(ForkedBooter.java:126)
at org.apache.maven.surefire.booter.ForkedBooter.main(ForkedBooter.java:418)
]]>
            </full-stacktrace>
          </exception> <!-- org.openqa.selenium.NoSuchElementException -->
          <reporter-output>
          </reporter-output>
        </test-method> <!-- FlightBooking -->
        <test-method signature="FlightBooking(java.lang.String, java.lang.String, java.lang.String, java.lang.String, java.lang.String, java.lang.String, java.lang.String, java.lang.String, java.lang.String, java.lang.String, java.lang.String, java.lang.String, java.lang.String, java.lang.String, java.lang.String, java.lang.String, java.lang.String)[pri:0, instance:acemePackage1.phptravels@4009e306]" started-at="2021-12-22T06:48:15Z" name="FlightBooking" data-provider="PHPtravels" finished-at="2021-12-22T08:28:23Z" duration-ms="6007817" status="FAIL">
          <params>
            <param index="0">
              <value>
                <![CDATA[DCA]]>
              </value>
            </param>
            <param index="1">
              <value>
                <![CDATA[DFW]]>
              </value>
            </param>
            <param index="2">
              <value>
                <![CDATA[December 2021]]>
              </value>
            </param>
            <param index="3">
              <value>
                <![CDATA[31]]>
              </value>
            </param>
            <param index="4">
              <value>
                <![CDATA[Prince]]>
              </value>
            </param>
            <param index="5">
              <value>
                <![CDATA[Biswas]]>
              </value>
            </param>
            <param index="6">
              <value>
                <![CDATA[Gentlemanperson@gmail.com]]>
              </value>
            </param>
            <param index="7">
              <value>
                <![CDATA[8091662717]]>
              </value>
            </param>
            <param index="8">
              <value>
                <![CDATA[1298 Plano Street]]>
              </value>
            </param>
            <param index="9">
              <value>
                <![CDATA[Albania]]>
              </value>
            </param>
            <param index="10">
              <value>
                <![CDATA[Albania]]>
              </value>
            </param>
            <param index="11">
              <value>
                <![CDATA[Prince]]>
              </value>
            </param>
            <param index="12">
              <value>
                <![CDATA[Biswas]]>
              </value>
            </param>
            <param index="13">
              <value>
                <![CDATA[Albania]]>
              </value>
            </param>
            <param index="14">
              <value>
                <![CDATA[03 March]]>
              </value>
            </param>
            <param index="15">
              <value>
                <![CDATA[15]]>
              </value>
            </param>
            <param index="16">
              <value>
                <![CDATA[1999]]>
              </value>
            </param>
          </params>
          <exception class="org.openqa.selenium.StaleElementReferenceException">
            <message>
              <![CDATA[stale element reference: element is not attached to the page document
  (Session info: chrome=96.0.4664.110)
For documentation on this error, please visit: http://seleniumhq.org/exceptions/stale_element_reference.html
Build info: version: '3.14.0', revision: 'aacccce0', time: '2018-08-02T20:19:58.91Z'
System info: host: 'DESKTOP-HFM2VN5', ip: '192.168.0.50', os.name: 'Windows 10', os.arch: 'amd64', os.version: '10.0', java.version: '11.0.12'
Driver info: org.openqa.selenium.chrome.ChromeDriver
Capabilities {acceptInsecureCerts: false, browserName: chrome, browserVersion: 96.0.4664.110, chrome: {chromedriverVersion: 96.0.4664.35 (8df3babf8da8f..., userDataDir: C:\Users\llmon\AppData\Loca...}, goog:chromeOptions: {debuggerAddress: localhost:64329}, javascriptEnabled: true, networkConnectionEnabled: false, pageLoadStrategy: normal, platform: WINDOWS, platformName: WINDOWS, proxy: Proxy(), setWindowRect: true, strictFileInteractability: false, timeouts: {implicit: 0, pageLoad: 300000, script: 30000}, unhandledPromptBehavior: dismiss and notify, webauthn:extension:credBlob: true, webauthn:extension:largeBlob: true, webauthn:virtualAuthenticators: true}
Session ID: 6445ec77e26c5703c2fabef9705ebd33]]>
            </message>
            <full-stacktrace>
              <![CDATA[org.openqa.selenium.StaleElementReferenceException: stale element reference: element is not attached to the page document
  (Session info: chrome=96.0.4664.110)
For documentation on this error, please visit: http://seleniumhq.org/exceptions/stale_element_reference.html
Build info: version: '3.14.0', revision: 'aacccce0', time: '2018-08-02T20:19:58.91Z'
System info: host: 'DESKTOP-HFM2VN5', ip: '192.168.0.50', os.name: 'Windows 10', os.arch: 'amd64', os.version: '10.0', java.version: '11.0.12'
Driver info: org.openqa.selenium.chrome.ChromeDriver
Capabilities {acceptInsecureCerts: false, browserName: chrome, browserVersion: 96.0.4664.110, chrome: {chromedriverVersion: 96.0.4664.35 (8df3babf8da8f..., userDataDir: C:\Users\llmon\AppData\Loca...}, goog:chromeOptions: {debuggerAddress: localhost:64329}, javascriptEnabled: true, networkConnectionEnabled: false, pageLoadStrategy: normal, platform: WINDOWS, platformName: WINDOWS, proxy: Proxy(), setWindowRect: true, strictFileInteractability: false, timeouts: {implicit: 0, pageLoad: 300000, script: 30000}, unhandledPromptBehavior: dismiss and notify, webauthn:extension:credBlob: true, webauthn:extension:largeBlob: true, webauthn:virtualAuthenticators: true}
Session ID: 6445ec77e26c5703c2fabef9705ebd33
at java.base/jdk.internal.reflect.NativeConstructorAccessorImpl.newInstance0(Native Method)
at java.base/jdk.internal.reflect.NativeConstructorAccessorImpl.newInstance(NativeConstructorAccessorImpl.java:62)
at java.base/jdk.internal.reflect.DelegatingConstructorAccessorImpl.newInstance(DelegatingConstructorAccessorImpl.java:45)
at java.base/java.lang.reflect.Constructor.newInstance(Constructor.java:490)
at org.openqa.selenium.remote.http.W3CHttpResponseCodec.createException(W3CHttpResponseCodec.java:187)
at org.openqa.selenium.remote.http.W3CHttpResponseCodec.decode(W3CHttpResponseCodec.java:122)
at org.openqa.selenium.remote.http.W3CHttpResponseCodec.decode(W3CHttpResponseCodec.java:49)
at org.openqa.selenium.remote.HttpCommandExecutor.execute(HttpCommandExecutor.java:158)
at org.openqa.selenium.remote.service.DriverCommandExecutor.execute(DriverCommandExecutor.java:83)
at org.openqa.selenium.remote.RemoteWebDriver.execute(RemoteWebDriver.java:548)
at org.openqa.selenium.remote.RemoteWebElement.execute(RemoteWebElement.java:276)
at org.openqa.selenium.remote.RemoteWebElement.getText(RemoteWebElement.java:160)
at acemePackage1.phptravels.FlightBooking(phptravels.java:69)
at java.base/jdk.internal.reflect.NativeMethodAccessorImpl.invoke0(Native Method)
at java.base/jdk.internal.reflect.NativeMethodAccessorImpl.invoke(NativeMethodAccessorImpl.java:62)
at java.base/jdk.internal.reflect.DelegatingMethodAccessorImpl.invoke(DelegatingMethodAccessorImpl.java:43)
at java.base/java.lang.reflect.Method.invoke(Method.java:566)
at org.testng.internal.MethodInvocationHelper.invokeMethod(MethodInvocationHelper.java:124)
at org.testng.internal.Invoker.invokeMethod(Invoker.java:583)
at org.testng.internal.Invoker.invokeTestMethod(Invoker.java:719)
at org.testng.internal.Invoker.invokeTestMethods(Invoker.java:989)
at org.testng.internal.TestMethodWorker.invokeTestMethods(TestMethodWorker.java:125)
at org.testng.internal.TestMethodWorker.run(TestMethodWorker.java:109)
at org.testng.TestRunner.privateRun(TestRunner.java:648)
at org.testng.TestRunner.run(TestRunner.java:505)
at org.testng.SuiteRunner.runTest(SuiteRunner.java:455)
at org.testng.SuiteRunner.runSequentially(SuiteRunner.java:450)
at org.testng.SuiteRunner.privateRun(SuiteRunner.java:415)
at org.testng.SuiteRunner.run(SuiteRunner.java:364)
at org.testng.SuiteRunnerWorker.runSuite(SuiteRunnerWorker.java:52)
at org.testng.SuiteRunnerWorker.run(SuiteRunnerWorker.java:84)
at org.testng.TestNG.runSuitesSequentially(TestNG.java:1208)
at org.testng.TestNG.runSuitesLocally(TestNG.java:1137)
at org.testng.TestNG.runSuites(TestNG.java:1049)
at org.testng.TestNG.run(TestNG.java:1017)
at org.apache.maven.surefire.testng.TestNGExecutor.run(TestNGExecutor.java:283)
at org.apache.maven.surefire.testng.TestNGXmlTestSuite.execute(TestNGXmlTestSuite.java:75)
at org.apache.maven.surefire.testng.TestNGProvider.invoke(TestNGProvider.java:120)
at org.apache.maven.surefire.booter.ForkedBooter.invokeProviderInSameClassLoader(ForkedBooter.java:384)
at org.apache.maven.surefire.booter.ForkedBooter.runSuitesInProcess(ForkedBooter.java:345)
at org.apache.maven.surefire.booter.ForkedBooter.execute(ForkedBooter.java:126)
at org.apache.maven.surefire.booter.ForkedBooter.main(ForkedBooter.java:418)
]]>
            </full-stacktrace>
          </exception> <!-- org.openqa.selenium.StaleElementReferenceException -->
          <reporter-output>
          </reporter-output>
        </test-method> <!-- FlightBooking -->
      </class> <!-- acemePackage1.phptravels -->
    </test> <!-- Test -->
  </suite> <!-- Suite -->
</testng-results>
